{"C:\\Users\\praprata1\\Documents\\Mock_Project_1(Local_Storage)\\Meeting_App\\src\\ts\\loadPage.ts": {"path":"C:\\Users\\praprata1\\Documents\\Mock_Project_1(Local_Storage)\\Meeting_App\\src\\ts\\loadPage.ts","statementMap":{"0":{"start":{"line":21,"column":22},"end":{"line":57,"column":1}},"1":{"start":{"line":59,"column":19},"end":{"line":72,"column":1}},"2":{"start":{"line":60,"column":18},"end":{"line":60,"column":50}},"3":{"start":{"line":62,"column":4},"end":{"line":71,"column":7}},"4":{"start":{"line":63,"column":8},"end":{"line":70,"column":11}},"5":{"start":{"line":64,"column":12},"end":{"line":64,"column":35}},"6":{"start":{"line":66,"column":32},"end":{"line":66,"column":59}},"7":{"start":{"line":67,"column":12},"end":{"line":67,"column":51}},"8":{"start":{"line":68,"column":12},"end":{"line":68,"column":42}},"9":{"start":{"line":75,"column":17},"end":{"line":98,"column":1}},"10":{"start":{"line":77,"column":4},"end":{"line":81,"column":5}},"11":{"start":{"line":78,"column":8},"end":{"line":78,"column":33}},"12":{"start":{"line":80,"column":8},"end":{"line":80,"column":27}},"13":{"start":{"line":82,"column":4},"end":{"line":88,"column":5}},"14":{"start":{"line":83,"column":8},"end":{"line":87,"column":9}},"15":{"start":{"line":84,"column":12},"end":{"line":84,"column":37}},"16":{"start":{"line":85,"column":12},"end":{"line":85,"column":54}},"17":{"start":{"line":86,"column":12},"end":{"line":86,"column":19}},"18":{"start":{"line":89,"column":4},"end":{"line":93,"column":5}},"19":{"start":{"line":90,"column":21},"end":{"line":90,"column":69}},"20":{"start":{"line":91,"column":20},"end":{"line":91,"column":98}},"21":{"start":{"line":92,"column":8},"end":{"line":92,"column":29}},"22":{"start":{"line":94,"column":4},"end":{"line":97,"column":5}},"23":{"start":{"line":95,"column":8},"end":{"line":95,"column":42}},"24":{"start":{"line":96,"column":8},"end":{"line":96,"column":21}}},"fnMap":{"0":{"name":"(anonymous_0)","decl":{"start":{"line":59,"column":19},"end":{"line":59,"column":20}},"loc":{"start":{"line":59,"column":23},"end":{"line":72,"column":1}},"line":59},"1":{"name":"(anonymous_1)","decl":{"start":{"line":62,"column":19},"end":{"line":62,"column":20}},"loc":{"start":{"line":62,"column":25},"end":{"line":71,"column":5}},"line":62},"2":{"name":"(anonymous_2)","decl":{"start":{"line":63,"column":39},"end":{"line":63,"column":40}},"loc":{"start":{"line":63,"column":56},"end":{"line":70,"column":9}},"line":63},"3":{"name":"(anonymous_3)","decl":{"start":{"line":75,"column":17},"end":{"line":75,"column":18}},"loc":{"start":{"line":75,"column":38},"end":{"line":98,"column":1}},"line":75}},"branchMap":{"0":{"loc":{"start":{"line":77,"column":4},"end":{"line":81,"column":5}},"type":"if","locations":[{"start":{"line":77,"column":4},"end":{"line":81,"column":5}},{"start":{"line":79,"column":11},"end":{"line":81,"column":5}}],"line":77},"1":{"loc":{"start":{"line":82,"column":4},"end":{"line":88,"column":5}},"type":"if","locations":[{"start":{"line":82,"column":4},"end":{"line":88,"column":5}},{"start":{},"end":{}}],"line":82},"2":{"loc":{"start":{"line":83,"column":8},"end":{"line":87,"column":9}},"type":"if","locations":[{"start":{"line":83,"column":8},"end":{"line":87,"column":9}},{"start":{},"end":{}}],"line":83},"3":{"loc":{"start":{"line":89,"column":4},"end":{"line":93,"column":5}},"type":"if","locations":[{"start":{"line":89,"column":4},"end":{"line":93,"column":5}},{"start":{},"end":{}}],"line":89},"4":{"loc":{"start":{"line":94,"column":4},"end":{"line":97,"column":5}},"type":"if","locations":[{"start":{"line":94,"column":4},"end":{"line":97,"column":5}},{"start":{},"end":{}}],"line":94}},"s":{"0":1,"1":1,"2":0,"3":0,"4":0,"5":0,"6":0,"7":0,"8":0,"9":1,"10":0,"11":0,"12":0,"13":0,"14":0,"15":0,"16":0,"17":0,"18":0,"19":0,"20":0,"21":0,"22":0,"23":0,"24":0},"f":{"0":0,"1":0,"2":0,"3":0},"b":{"0":[0,0],"1":[0,0],"2":[0,0],"3":[0,0],"4":[0,0]},"_coverageSchema":"1a1c01bbd47fc00a2c39e90264f33305004495a9","hash":"7394622aeffdd4bddedfb4e9c3dfeb6aee6d3af6"}
,"C:\\Users\\praprata1\\Documents\\Mock_Project_1(Local_Storage)\\Meeting_App\\src\\ts\\Pages\\addAMeeting.ts": {"path":"C:\\Users\\praprata1\\Documents\\Mock_Project_1(Local_Storage)\\Meeting_App\\src\\ts\\Pages\\addAMeeting.ts","statementMap":{"0":{"start":{"line":9,"column":17},"end":{"line":9,"column":72}},"1":{"start":{"line":11,"column":18},"end":{"line":11,"column":75}},"2":{"start":{"line":12,"column":24},"end":{"line":12,"column":87}},"3":{"start":{"line":13,"column":17},"end":{"line":13,"column":73}},"4":{"start":{"line":14,"column":27},"end":{"line":14,"column":86}},"5":{"start":{"line":15,"column":29},"end":{"line":15,"column":91}},"6":{"start":{"line":16,"column":25},"end":{"line":16,"column":82}},"7":{"start":{"line":17,"column":27},"end":{"line":17,"column":87}},"8":{"start":{"line":18,"column":18},"end":{"line":18,"column":84}},"9":{"start":{"line":21,"column":16},"end":{"line":50,"column":5}},"10":{"start":{"line":22,"column":25},"end":{"line":22,"column":46}},"11":{"start":{"line":23,"column":23},"end":{"line":23,"column":79}},"12":{"start":{"line":24,"column":33},"end":{"line":24,"column":82}},"13":{"start":{"line":25,"column":20},"end":{"line":25,"column":22}},"14":{"start":{"line":26,"column":8},"end":{"line":26,"column":38}},"15":{"start":{"line":27,"column":22},"end":{"line":27,"column":32}},"16":{"start":{"line":28,"column":29},"end":{"line":28,"column":54}},"17":{"start":{"line":29,"column":21},"end":{"line":29,"column":36}},"18":{"start":{"line":30,"column":21},"end":{"line":30,"column":43}},"19":{"start":{"line":31,"column":22},"end":{"line":31,"column":41}},"20":{"start":{"line":32,"column":22},"end":{"line":32,"column":48}},"21":{"start":{"line":33,"column":23},"end":{"line":33,"column":39}},"22":{"start":{"line":34,"column":23},"end":{"line":34,"column":46}},"23":{"start":{"line":36,"column":8},"end":{"line":46,"column":9}},"24":{"start":{"line":37,"column":12},"end":{"line":37,"column":64}},"25":{"start":{"line":38,"column":15},"end":{"line":46,"column":9}},"26":{"start":{"line":39,"column":12},"end":{"line":45,"column":13}},"27":{"start":{"line":40,"column":16},"end":{"line":40,"column":68}},"28":{"start":{"line":41,"column":19},"end":{"line":45,"column":13}},"29":{"start":{"line":42,"column":16},"end":{"line":44,"column":17}},"30":{"start":{"line":43,"column":20},"end":{"line":43,"column":72}},"31":{"start":{"line":48,"column":8},"end":{"line":48,"column":41}},"32":{"start":{"line":49,"column":8},"end":{"line":49,"column":27}},"33":{"start":{"line":53,"column":15},"end":{"line":76,"column":5}},"34":{"start":{"line":54,"column":26},"end":{"line":54,"column":57}},"35":{"start":{"line":55,"column":28},"end":{"line":55,"column":61}},"36":{"start":{"line":56,"column":24},"end":{"line":56,"column":53}},"37":{"start":{"line":57,"column":26},"end":{"line":57,"column":57}},"38":{"start":{"line":58,"column":23},"end":{"line":58,"column":87}},"39":{"start":{"line":59,"column":31},"end":{"line":59,"column":80}},"40":{"start":{"line":60,"column":20},"end":{"line":60,"column":22}},"41":{"start":{"line":61,"column":8},"end":{"line":61,"column":38}},"42":{"start":{"line":62,"column":19},"end":{"line":62,"column":44}},"43":{"start":{"line":63,"column":19},"end":{"line":63,"column":46}},"44":{"start":{"line":64,"column":19},"end":{"line":64,"column":42}},"45":{"start":{"line":65,"column":19},"end":{"line":65,"column":44}},"46":{"start":{"line":66,"column":8},"end":{"line":73,"column":9}},"47":{"start":{"line":68,"column":12},"end":{"line":68,"column":63}},"48":{"start":{"line":69,"column":15},"end":{"line":73,"column":9}},"49":{"start":{"line":70,"column":12},"end":{"line":72,"column":13}},"50":{"start":{"line":71,"column":16},"end":{"line":71,"column":67}},"51":{"start":{"line":74,"column":8},"end":{"line":74,"column":41}},"52":{"start":{"line":75,"column":8},"end":{"line":75,"column":28}},"53":{"start":{"line":79,"column":17},"end":{"line":85,"column":5}},"54":{"start":{"line":80,"column":22},"end":{"line":80,"column":26}},"55":{"start":{"line":81,"column":8},"end":{"line":81,"column":45}},"56":{"start":{"line":82,"column":8},"end":{"line":82,"column":45}},"57":{"start":{"line":84,"column":8},"end":{"line":84,"column":23}},"58":{"start":{"line":87,"column":10},"end":{"line":170,"column":5}},"59":{"start":{"line":89,"column":8},"end":{"line":89,"column":90}},"60":{"start":{"line":90,"column":8},"end":{"line":90,"column":91}},"61":{"start":{"line":92,"column":8},"end":{"line":92,"column":101}},"62":{"start":{"line":93,"column":8},"end":{"line":93,"column":102}},"63":{"start":{"line":95,"column":8},"end":{"line":95,"column":103}},"64":{"start":{"line":96,"column":8},"end":{"line":96,"column":104}},"65":{"start":{"line":98,"column":8},"end":{"line":98,"column":101}},"66":{"start":{"line":99,"column":8},"end":{"line":99,"column":102}},"67":{"start":{"line":101,"column":8},"end":{"line":101,"column":99}},"68":{"start":{"line":102,"column":8},"end":{"line":102,"column":100}},"69":{"start":{"line":106,"column":8},"end":{"line":168,"column":11}},"70":{"start":{"line":107,"column":12},"end":{"line":107,"column":35}},"71":{"start":{"line":111,"column":12},"end":{"line":166,"column":13}},"72":{"start":{"line":112,"column":34},"end":{"line":126,"column":17}},"73":{"start":{"line":149,"column":16},"end":{"line":149,"column":42}},"74":{"start":{"line":150,"column":16},"end":{"line":163,"column":21}},"75":{"start":{"line":153,"column":28},"end":{"line":153,"column":51}},"76":{"start":{"line":154,"column":28},"end":{"line":154,"column":56}},"77":{"start":{"line":156,"column":28},"end":{"line":156,"column":74}},"78":{"start":{"line":157,"column":28},"end":{"line":157,"column":57}},"79":{"start":{"line":161,"column":24},"end":{"line":161,"column":53}},"80":{"start":{"line":165,"column":16},"end":{"line":165,"column":55}},"81":{"start":{"line":175,"column":9},"end":{"line":179,"column":5}},"82":{"start":{"line":177,"column":8},"end":{"line":177,"column":21}},"83":{"start":{"line":178,"column":8},"end":{"line":178,"column":18}}},"fnMap":{"0":{"name":"(anonymous_0)","decl":{"start":{"line":21,"column":16},"end":{"line":21,"column":17}},"loc":{"start":{"line":21,"column":21},"end":{"line":50,"column":5}},"line":21},"1":{"name":"(anonymous_1)","decl":{"start":{"line":53,"column":15},"end":{"line":53,"column":16}},"loc":{"start":{"line":53,"column":19},"end":{"line":76,"column":5}},"line":53},"2":{"name":"(anonymous_2)","decl":{"start":{"line":79,"column":17},"end":{"line":79,"column":18}},"loc":{"start":{"line":79,"column":21},"end":{"line":85,"column":5}},"line":79},"3":{"name":"(anonymous_3)","decl":{"start":{"line":87,"column":10},"end":{"line":87,"column":11}},"loc":{"start":{"line":87,"column":14},"end":{"line":170,"column":5}},"line":87},"4":{"name":"(anonymous_4)","decl":{"start":{"line":106,"column":74},"end":{"line":106,"column":75}},"loc":{"start":{"line":106,"column":85},"end":{"line":168,"column":9}},"line":106},"5":{"name":"(anonymous_5)","decl":{"start":{"line":152,"column":24},"end":{"line":152,"column":25}},"loc":{"start":{"line":152,"column":44},"end":{"line":158,"column":25}},"line":152},"6":{"name":"(anonymous_6)","decl":{"start":{"line":160,"column":28},"end":{"line":160,"column":29}},"loc":{"start":{"line":160,"column":45},"end":{"line":162,"column":21}},"line":160},"7":{"name":"(anonymous_7)","decl":{"start":{"line":175,"column":9},"end":{"line":175,"column":10}},"loc":{"start":{"line":175,"column":13},"end":{"line":179,"column":5}},"line":175}},"branchMap":{"0":{"loc":{"start":{"line":36,"column":8},"end":{"line":46,"column":9}},"type":"if","locations":[{"start":{"line":36,"column":8},"end":{"line":46,"column":9}},{"start":{"line":38,"column":15},"end":{"line":46,"column":9}}],"line":36},"1":{"loc":{"start":{"line":38,"column":15},"end":{"line":46,"column":9}},"type":"if","locations":[{"start":{"line":38,"column":15},"end":{"line":46,"column":9}},{"start":{},"end":{}}],"line":38},"2":{"loc":{"start":{"line":39,"column":12},"end":{"line":45,"column":13}},"type":"if","locations":[{"start":{"line":39,"column":12},"end":{"line":45,"column":13}},{"start":{"line":41,"column":19},"end":{"line":45,"column":13}}],"line":39},"3":{"loc":{"start":{"line":41,"column":19},"end":{"line":45,"column":13}},"type":"if","locations":[{"start":{"line":41,"column":19},"end":{"line":45,"column":13}},{"start":{},"end":{}}],"line":41},"4":{"loc":{"start":{"line":42,"column":16},"end":{"line":44,"column":17}},"type":"if","locations":[{"start":{"line":42,"column":16},"end":{"line":44,"column":17}},{"start":{},"end":{}}],"line":42},"5":{"loc":{"start":{"line":66,"column":8},"end":{"line":73,"column":9}},"type":"if","locations":[{"start":{"line":66,"column":8},"end":{"line":73,"column":9}},{"start":{"line":69,"column":15},"end":{"line":73,"column":9}}],"line":66},"6":{"loc":{"start":{"line":69,"column":15},"end":{"line":73,"column":9}},"type":"if","locations":[{"start":{"line":69,"column":15},"end":{"line":73,"column":9}},{"start":{},"end":{}}],"line":69},"7":{"loc":{"start":{"line":70,"column":12},"end":{"line":72,"column":13}},"type":"if","locations":[{"start":{"line":70,"column":12},"end":{"line":72,"column":13}},{"start":{},"end":{}}],"line":70},"8":{"loc":{"start":{"line":81,"column":18},"end":{"line":81,"column":45}},"type":"binary-expr","locations":[{"start":{"line":81,"column":18},"end":{"line":81,"column":34}},{"start":{"line":81,"column":38},"end":{"line":81,"column":45}}],"line":81},"9":{"loc":{"start":{"line":82,"column":18},"end":{"line":82,"column":45}},"type":"binary-expr","locations":[{"start":{"line":82,"column":18},"end":{"line":82,"column":34}},{"start":{"line":82,"column":38},"end":{"line":82,"column":45}}],"line":82},"10":{"loc":{"start":{"line":111,"column":12},"end":{"line":166,"column":13}},"type":"if","locations":[{"start":{"line":111,"column":12},"end":{"line":166,"column":13}},{"start":{"line":164,"column":17},"end":{"line":166,"column":13}}],"line":111}},"s":{"0":0,"1":0,"2":0,"3":0,"4":0,"5":0,"6":0,"7":0,"8":0,"9":0,"10":0,"11":0,"12":0,"13":0,"14":0,"15":0,"16":0,"17":0,"18":0,"19":0,"20":0,"21":0,"22":0,"23":0,"24":0,"25":0,"26":0,"27":0,"28":0,"29":0,"30":0,"31":0,"32":0,"33":0,"34":0,"35":0,"36":0,"37":0,"38":0,"39":0,"40":0,"41":0,"42":0,"43":0,"44":0,"45":0,"46":0,"47":0,"48":0,"49":0,"50":0,"51":0,"52":0,"53":0,"54":0,"55":0,"56":0,"57":0,"58":0,"59":0,"60":0,"61":0,"62":0,"63":0,"64":0,"65":0,"66":0,"67":0,"68":0,"69":0,"70":0,"71":0,"72":0,"73":0,"74":0,"75":0,"76":0,"77":0,"78":0,"79":0,"80":0,"81":0,"82":0,"83":0},"f":{"0":0,"1":0,"2":0,"3":0,"4":0,"5":0,"6":0,"7":0},"b":{"0":[0,0],"1":[0,0],"2":[0,0],"3":[0,0],"4":[0,0],"5":[0,0],"6":[0,0],"7":[0,0],"8":[0,0],"9":[0,0],"10":[0,0]},"_coverageSchema":"1a1c01bbd47fc00a2c39e90264f33305004495a9","hash":"e289f4bf15186586c96eec36f137624e4db36baa"}
,"C:\\Users\\praprata1\\Documents\\Mock_Project_1(Local_Storage)\\Meeting_App\\src\\ts\\Pages\\calender.ts": {"path":"C:\\Users\\praprata1\\Documents\\Mock_Project_1(Local_Storage)\\Meeting_App\\src\\ts\\Pages\\calender.ts","statementMap":{"0":{"start":{"line":9,"column":12},"end":{"line":9,"column":65}},"1":{"start":{"line":10,"column":17},"end":{"line":10,"column":66}},"2":{"start":{"line":11,"column":17},"end":{"line":11,"column":65}},"3":{"start":{"line":20,"column":17},"end":{"line":56,"column":5}},"4":{"start":{"line":22,"column":24},"end":{"line":22,"column":79}},"5":{"start":{"line":26,"column":22},"end":{"line":26,"column":24}},"6":{"start":{"line":28,"column":8},"end":{"line":54,"column":9}},"7":{"start":{"line":32,"column":34},"end":{"line":32,"column":74}},"8":{"start":{"line":33,"column":32},"end":{"line":33,"column":70}},"9":{"start":{"line":34,"column":39},"end":{"line":34,"column":58}},"10":{"start":{"line":36,"column":34},"end":{"line":36,"column":49}},"11":{"start":{"line":37,"column":32},"end":{"line":39,"column":32}},"12":{"start":{"line":38,"column":20},"end":{"line":38,"column":61}},"13":{"start":{"line":41,"column":16},"end":{"line":51,"column":25}},"14":{"start":{"line":55,"column":8},"end":{"line":55,"column":36}},"15":{"start":{"line":60,"column":22},"end":{"line":85,"column":5}},"16":{"start":{"line":65,"column":8},"end":{"line":84,"column":11}},"17":{"start":{"line":67,"column":32},"end":{"line":67,"column":48}},"18":{"start":{"line":69,"column":26},"end":{"line":69,"column":49}},"19":{"start":{"line":70,"column":26},"end":{"line":70,"column":44}},"20":{"start":{"line":71,"column":25},"end":{"line":71,"column":41}},"21":{"start":{"line":72,"column":32},"end":{"line":72,"column":54}},"22":{"start":{"line":73,"column":30},"end":{"line":73,"column":49}},"23":{"start":{"line":74,"column":27},"end":{"line":74,"column":49}},"24":{"start":{"line":76,"column":12},"end":{"line":78,"column":33}},"25":{"start":{"line":79,"column":12},"end":{"line":81,"column":33}},"26":{"start":{"line":82,"column":12},"end":{"line":82,"column":43}},"27":{"start":{"line":89,"column":8},"end":{"line":113,"column":9}},"28":{"start":{"line":90,"column":12},"end":{"line":90,"column":36}},"29":{"start":{"line":91,"column":15},"end":{"line":113,"column":9}},"30":{"start":{"line":92,"column":12},"end":{"line":92,"column":37}},"31":{"start":{"line":93,"column":15},"end":{"line":113,"column":9}},"32":{"start":{"line":94,"column":12},"end":{"line":94,"column":34}},"33":{"start":{"line":95,"column":15},"end":{"line":113,"column":9}},"34":{"start":{"line":96,"column":12},"end":{"line":96,"column":34}},"35":{"start":{"line":97,"column":15},"end":{"line":113,"column":9}},"36":{"start":{"line":98,"column":12},"end":{"line":98,"column":32}},"37":{"start":{"line":99,"column":15},"end":{"line":113,"column":9}},"38":{"start":{"line":100,"column":12},"end":{"line":100,"column":33}},"39":{"start":{"line":101,"column":15},"end":{"line":113,"column":9}},"40":{"start":{"line":102,"column":12},"end":{"line":102,"column":33}},"41":{"start":{"line":103,"column":15},"end":{"line":113,"column":9}},"42":{"start":{"line":104,"column":12},"end":{"line":104,"column":35}},"43":{"start":{"line":105,"column":15},"end":{"line":113,"column":9}},"44":{"start":{"line":106,"column":12},"end":{"line":106,"column":38}},"45":{"start":{"line":107,"column":15},"end":{"line":113,"column":9}},"46":{"start":{"line":108,"column":12},"end":{"line":108,"column":36}},"47":{"start":{"line":109,"column":15},"end":{"line":113,"column":9}},"48":{"start":{"line":110,"column":12},"end":{"line":110,"column":37}},"49":{"start":{"line":111,"column":15},"end":{"line":113,"column":9}},"50":{"start":{"line":112,"column":12},"end":{"line":112,"column":37}},"51":{"start":{"line":114,"column":8},"end":{"line":114,"column":27}},"52":{"start":{"line":118,"column":8},"end":{"line":132,"column":9}},"53":{"start":{"line":119,"column":12},"end":{"line":119,"column":33}},"54":{"start":{"line":120,"column":15},"end":{"line":132,"column":9}},"55":{"start":{"line":121,"column":12},"end":{"line":121,"column":33}},"56":{"start":{"line":122,"column":15},"end":{"line":132,"column":9}},"57":{"start":{"line":123,"column":12},"end":{"line":123,"column":34}},"58":{"start":{"line":124,"column":15},"end":{"line":132,"column":9}},"59":{"start":{"line":125,"column":12},"end":{"line":125,"column":36}},"60":{"start":{"line":126,"column":15},"end":{"line":132,"column":9}},"61":{"start":{"line":127,"column":12},"end":{"line":127,"column":35}},"62":{"start":{"line":128,"column":15},"end":{"line":132,"column":9}},"63":{"start":{"line":129,"column":12},"end":{"line":129,"column":33}},"64":{"start":{"line":130,"column":15},"end":{"line":132,"column":9}},"65":{"start":{"line":131,"column":12},"end":{"line":131,"column":35}},"66":{"start":{"line":133,"column":8},"end":{"line":133,"column":25}},"67":{"start":{"line":137,"column":8},"end":{"line":150,"column":38}},"68":{"start":{"line":145,"column":20},"end":{"line":145,"column":32}},"69":{"start":{"line":154,"column":10},"end":{"line":177,"column":5}},"70":{"start":{"line":164,"column":22},"end":{"line":164,"column":32}},"71":{"start":{"line":166,"column":30},"end":{"line":166,"column":161}},"72":{"start":{"line":169,"column":8},"end":{"line":169,"column":123}},"73":{"start":{"line":170,"column":8},"end":{"line":170,"column":75}},"74":{"start":{"line":171,"column":8},"end":{"line":171,"column":44}},"75":{"start":{"line":174,"column":8},"end":{"line":174,"column":33}},"76":{"start":{"line":175,"column":8},"end":{"line":175,"column":18}}},"fnMap":{"0":{"name":"(anonymous_0)","decl":{"start":{"line":20,"column":17},"end":{"line":20,"column":18}},"loc":{"start":{"line":20,"column":36},"end":{"line":56,"column":5}},"line":20},"1":{"name":"(anonymous_1)","decl":{"start":{"line":29,"column":12},"end":{"line":29,"column":13}},"loc":{"start":{"line":29,"column":39},"end":{"line":53,"column":13}},"line":29},"2":{"name":"(anonymous_2)","decl":{"start":{"line":37,"column":55},"end":{"line":37,"column":56}},"loc":{"start":{"line":37,"column":75},"end":{"line":39,"column":17}},"line":37},"3":{"name":"(anonymous_3)","decl":{"start":{"line":60,"column":22},"end":{"line":60,"column":23}},"loc":{"start":{"line":60,"column":26},"end":{"line":85,"column":5}},"line":60},"4":{"name":"(anonymous_4)","decl":{"start":{"line":65,"column":45},"end":{"line":65,"column":46}},"loc":{"start":{"line":65,"column":49},"end":{"line":84,"column":9}},"line":65},"5":{"name":"(anonymous_5)","decl":{"start":{"line":87,"column":4},"end":{"line":87,"column":5}},"loc":{"start":{"line":87,"column":28},"end":{"line":115,"column":5}},"line":87},"6":{"name":"(anonymous_6)","decl":{"start":{"line":116,"column":4},"end":{"line":116,"column":5}},"loc":{"start":{"line":116,"column":25},"end":{"line":134,"column":5}},"line":116},"7":{"name":"(anonymous_7)","decl":{"start":{"line":135,"column":4},"end":{"line":135,"column":5}},"loc":{"start":{"line":135,"column":41},"end":{"line":151,"column":5}},"line":135},"8":{"name":"(anonymous_8)","decl":{"start":{"line":139,"column":16},"end":{"line":139,"column":17}},"loc":{"start":{"line":139,"column":27},"end":{"line":147,"column":17}},"line":139},"9":{"name":"(anonymous_9)","decl":{"start":{"line":154,"column":10},"end":{"line":154,"column":11}},"loc":{"start":{"line":154,"column":14},"end":{"line":177,"column":5}},"line":154}},"branchMap":{"0":{"loc":{"start":{"line":89,"column":8},"end":{"line":113,"column":9}},"type":"if","locations":[{"start":{"line":89,"column":8},"end":{"line":113,"column":9}},{"start":{"line":91,"column":15},"end":{"line":113,"column":9}}],"line":89},"1":{"loc":{"start":{"line":91,"column":15},"end":{"line":113,"column":9}},"type":"if","locations":[{"start":{"line":91,"column":15},"end":{"line":113,"column":9}},{"start":{"line":93,"column":15},"end":{"line":113,"column":9}}],"line":91},"2":{"loc":{"start":{"line":93,"column":15},"end":{"line":113,"column":9}},"type":"if","locations":[{"start":{"line":93,"column":15},"end":{"line":113,"column":9}},{"start":{"line":95,"column":15},"end":{"line":113,"column":9}}],"line":93},"3":{"loc":{"start":{"line":95,"column":15},"end":{"line":113,"column":9}},"type":"if","locations":[{"start":{"line":95,"column":15},"end":{"line":113,"column":9}},{"start":{"line":97,"column":15},"end":{"line":113,"column":9}}],"line":95},"4":{"loc":{"start":{"line":97,"column":15},"end":{"line":113,"column":9}},"type":"if","locations":[{"start":{"line":97,"column":15},"end":{"line":113,"column":9}},{"start":{"line":99,"column":15},"end":{"line":113,"column":9}}],"line":97},"5":{"loc":{"start":{"line":99,"column":15},"end":{"line":113,"column":9}},"type":"if","locations":[{"start":{"line":99,"column":15},"end":{"line":113,"column":9}},{"start":{"line":101,"column":15},"end":{"line":113,"column":9}}],"line":99},"6":{"loc":{"start":{"line":101,"column":15},"end":{"line":113,"column":9}},"type":"if","locations":[{"start":{"line":101,"column":15},"end":{"line":113,"column":9}},{"start":{"line":103,"column":15},"end":{"line":113,"column":9}}],"line":101},"7":{"loc":{"start":{"line":103,"column":15},"end":{"line":113,"column":9}},"type":"if","locations":[{"start":{"line":103,"column":15},"end":{"line":113,"column":9}},{"start":{"line":105,"column":15},"end":{"line":113,"column":9}}],"line":103},"8":{"loc":{"start":{"line":105,"column":15},"end":{"line":113,"column":9}},"type":"if","locations":[{"start":{"line":105,"column":15},"end":{"line":113,"column":9}},{"start":{"line":107,"column":15},"end":{"line":113,"column":9}}],"line":105},"9":{"loc":{"start":{"line":107,"column":15},"end":{"line":113,"column":9}},"type":"if","locations":[{"start":{"line":107,"column":15},"end":{"line":113,"column":9}},{"start":{"line":109,"column":15},"end":{"line":113,"column":9}}],"line":107},"10":{"loc":{"start":{"line":109,"column":15},"end":{"line":113,"column":9}},"type":"if","locations":[{"start":{"line":109,"column":15},"end":{"line":113,"column":9}},{"start":{"line":111,"column":15},"end":{"line":113,"column":9}}],"line":109},"11":{"loc":{"start":{"line":111,"column":15},"end":{"line":113,"column":9}},"type":"if","locations":[{"start":{"line":111,"column":15},"end":{"line":113,"column":9}},{"start":{},"end":{}}],"line":111},"12":{"loc":{"start":{"line":118,"column":8},"end":{"line":132,"column":9}},"type":"if","locations":[{"start":{"line":118,"column":8},"end":{"line":132,"column":9}},{"start":{"line":120,"column":15},"end":{"line":132,"column":9}}],"line":118},"13":{"loc":{"start":{"line":120,"column":15},"end":{"line":132,"column":9}},"type":"if","locations":[{"start":{"line":120,"column":15},"end":{"line":132,"column":9}},{"start":{"line":122,"column":15},"end":{"line":132,"column":9}}],"line":120},"14":{"loc":{"start":{"line":122,"column":15},"end":{"line":132,"column":9}},"type":"if","locations":[{"start":{"line":122,"column":15},"end":{"line":132,"column":9}},{"start":{"line":124,"column":15},"end":{"line":132,"column":9}}],"line":122},"15":{"loc":{"start":{"line":124,"column":15},"end":{"line":132,"column":9}},"type":"if","locations":[{"start":{"line":124,"column":15},"end":{"line":132,"column":9}},{"start":{"line":126,"column":15},"end":{"line":132,"column":9}}],"line":124},"16":{"loc":{"start":{"line":126,"column":15},"end":{"line":132,"column":9}},"type":"if","locations":[{"start":{"line":126,"column":15},"end":{"line":132,"column":9}},{"start":{"line":128,"column":15},"end":{"line":132,"column":9}}],"line":126},"17":{"loc":{"start":{"line":128,"column":15},"end":{"line":132,"column":9}},"type":"if","locations":[{"start":{"line":128,"column":15},"end":{"line":132,"column":9}},{"start":{"line":130,"column":15},"end":{"line":132,"column":9}}],"line":128},"18":{"loc":{"start":{"line":130,"column":15},"end":{"line":132,"column":9}},"type":"if","locations":[{"start":{"line":130,"column":15},"end":{"line":132,"column":9}},{"start":{},"end":{}}],"line":130}},"s":{"0":0,"1":0,"2":0,"3":0,"4":0,"5":0,"6":0,"7":0,"8":0,"9":0,"10":0,"11":0,"12":0,"13":0,"14":0,"15":0,"16":0,"17":0,"18":0,"19":0,"20":0,"21":0,"22":0,"23":0,"24":0,"25":0,"26":0,"27":0,"28":0,"29":0,"30":0,"31":0,"32":0,"33":0,"34":0,"35":0,"36":0,"37":0,"38":0,"39":0,"40":0,"41":0,"42":0,"43":0,"44":0,"45":0,"46":0,"47":0,"48":0,"49":0,"50":0,"51":0,"52":0,"53":0,"54":0,"55":0,"56":0,"57":0,"58":0,"59":0,"60":0,"61":0,"62":0,"63":0,"64":0,"65":0,"66":0,"67":0,"68":0,"69":0,"70":0,"71":0,"72":0,"73":0,"74":0,"75":0,"76":0},"f":{"0":0,"1":0,"2":0,"3":0,"4":0,"5":0,"6":0,"7":0,"8":0,"9":0},"b":{"0":[0,0],"1":[0,0],"2":[0,0],"3":[0,0],"4":[0,0],"5":[0,0],"6":[0,0],"7":[0,0],"8":[0,0],"9":[0,0],"10":[0,0],"11":[0,0],"12":[0,0],"13":[0,0],"14":[0,0],"15":[0,0],"16":[0,0],"17":[0,0],"18":[0,0]},"_coverageSchema":"1a1c01bbd47fc00a2c39e90264f33305004495a9","hash":"8b0d0e72be1c6fcc4b5ac44e3c79405b4152c880"}
,"C:\\Users\\praprata1\\Documents\\Mock_Project_1(Local_Storage)\\Meeting_App\\src\\ts\\Pages\\filterMeeting.ts": {"path":"C:\\Users\\praprata1\\Documents\\Mock_Project_1(Local_Storage)\\Meeting_App\\src\\ts\\Pages\\filterMeeting.ts","statementMap":{"0":{"start":{"line":11,"column":22},"end":{"line":75,"column":5}},"1":{"start":{"line":12,"column":28},"end":{"line":12,"column":85}},"2":{"start":{"line":14,"column":27},"end":{"line":14,"column":30}},"3":{"start":{"line":15,"column":8},"end":{"line":69,"column":10}},"4":{"start":{"line":18,"column":29},"end":{"line":18,"column":59}},"5":{"start":{"line":19,"column":35},"end":{"line":19,"column":48}},"6":{"start":{"line":20,"column":30},"end":{"line":20,"column":44}},"7":{"start":{"line":21,"column":36},"end":{"line":21,"column":55}},"8":{"start":{"line":22,"column":29},"end":{"line":22,"column":46}},"9":{"start":{"line":23,"column":34},"end":{"line":23,"column":58}},"10":{"start":{"line":24,"column":32},"end":{"line":24,"column":54}},"11":{"start":{"line":25,"column":36},"end":{"line":25,"column":62}},"12":{"start":{"line":26,"column":34},"end":{"line":26,"column":58}},"13":{"start":{"line":31,"column":32},"end":{"line":33,"column":32}},"14":{"start":{"line":32,"column":20},"end":{"line":32,"column":61}},"15":{"start":{"line":35,"column":16},"end":{"line":66,"column":17}},"16":{"start":{"line":71,"column":8},"end":{"line":71,"column":47}},"17":{"start":{"line":72,"column":8},"end":{"line":72,"column":29}},"18":{"start":{"line":73,"column":8},"end":{"line":73,"column":28}},"19":{"start":{"line":76,"column":17},"end":{"line":105,"column":5}},"20":{"start":{"line":77,"column":32},"end":{"line":77,"column":77}},"21":{"start":{"line":78,"column":8},"end":{"line":78,"column":38}},"22":{"start":{"line":79,"column":8},"end":{"line":101,"column":11}},"23":{"start":{"line":80,"column":33},"end":{"line":80,"column":98}},"24":{"start":{"line":81,"column":12},"end":{"line":99,"column":15}},"25":{"start":{"line":82,"column":16},"end":{"line":82,"column":39}},"26":{"start":{"line":83,"column":31},"end":{"line":83,"column":49}},"27":{"start":{"line":85,"column":29},"end":{"line":85,"column":80}},"28":{"start":{"line":86,"column":31},"end":{"line":86,"column":60}},"29":{"start":{"line":88,"column":16},"end":{"line":97,"column":23}},"30":{"start":{"line":90,"column":24},"end":{"line":90,"column":48}},"31":{"start":{"line":92,"column":24},"end":{"line":92,"column":57}},"32":{"start":{"line":96,"column":24},"end":{"line":96,"column":52}},"33":{"start":{"line":107,"column":18},"end":{"line":134,"column":5}},"34":{"start":{"line":108,"column":24},"end":{"line":108,"column":65}},"35":{"start":{"line":109,"column":8},"end":{"line":133,"column":11}},"36":{"start":{"line":110,"column":12},"end":{"line":132,"column":15}},"37":{"start":{"line":111,"column":35},"end":{"line":111,"column":78}},"38":{"start":{"line":113,"column":31},"end":{"line":113,"column":66}},"39":{"start":{"line":116,"column":16},"end":{"line":128,"column":23}},"40":{"start":{"line":119,"column":28},"end":{"line":119,"column":52}},"41":{"start":{"line":121,"column":28},"end":{"line":121,"column":48}},"42":{"start":{"line":127,"column":24},"end":{"line":127,"column":52}},"43":{"start":{"line":137,"column":8},"end":{"line":161,"column":9}},"44":{"start":{"line":138,"column":12},"end":{"line":138,"column":36}},"45":{"start":{"line":139,"column":15},"end":{"line":161,"column":9}},"46":{"start":{"line":140,"column":12},"end":{"line":140,"column":37}},"47":{"start":{"line":141,"column":15},"end":{"line":161,"column":9}},"48":{"start":{"line":142,"column":12},"end":{"line":142,"column":34}},"49":{"start":{"line":143,"column":15},"end":{"line":161,"column":9}},"50":{"start":{"line":144,"column":12},"end":{"line":144,"column":34}},"51":{"start":{"line":145,"column":15},"end":{"line":161,"column":9}},"52":{"start":{"line":146,"column":12},"end":{"line":146,"column":32}},"53":{"start":{"line":147,"column":15},"end":{"line":161,"column":9}},"54":{"start":{"line":148,"column":12},"end":{"line":148,"column":33}},"55":{"start":{"line":149,"column":15},"end":{"line":161,"column":9}},"56":{"start":{"line":150,"column":12},"end":{"line":150,"column":33}},"57":{"start":{"line":151,"column":15},"end":{"line":161,"column":9}},"58":{"start":{"line":152,"column":12},"end":{"line":152,"column":35}},"59":{"start":{"line":153,"column":15},"end":{"line":161,"column":9}},"60":{"start":{"line":154,"column":12},"end":{"line":154,"column":38}},"61":{"start":{"line":155,"column":15},"end":{"line":161,"column":9}},"62":{"start":{"line":156,"column":12},"end":{"line":156,"column":36}},"63":{"start":{"line":157,"column":15},"end":{"line":161,"column":9}},"64":{"start":{"line":158,"column":12},"end":{"line":158,"column":37}},"65":{"start":{"line":159,"column":15},"end":{"line":161,"column":9}},"66":{"start":{"line":160,"column":12},"end":{"line":160,"column":37}},"67":{"start":{"line":162,"column":8},"end":{"line":162,"column":27}},"68":{"start":{"line":164,"column":15},"end":{"line":177,"column":5}},"69":{"start":{"line":165,"column":8},"end":{"line":165,"column":32}},"70":{"start":{"line":166,"column":8},"end":{"line":166,"column":32}},"71":{"start":{"line":167,"column":8},"end":{"line":175,"column":43}},"72":{"start":{"line":171,"column":20},"end":{"line":171,"column":36}},"73":{"start":{"line":178,"column":22},"end":{"line":193,"column":5}},"74":{"start":{"line":179,"column":25},"end":{"line":179,"column":84}},"75":{"start":{"line":180,"column":25},"end":{"line":180,"column":79}},"76":{"start":{"line":181,"column":25},"end":{"line":181,"column":88}},"77":{"start":{"line":182,"column":8},"end":{"line":191,"column":11}},"78":{"start":{"line":183,"column":12},"end":{"line":183,"column":35}},"79":{"start":{"line":184,"column":30},"end":{"line":184,"column":46}},"80":{"start":{"line":185,"column":30},"end":{"line":185,"column":53}},"81":{"start":{"line":189,"column":12},"end":{"line":189,"column":51}},"82":{"start":{"line":197,"column":9},"end":{"line":203,"column":5}},"83":{"start":{"line":200,"column":8},"end":{"line":200,"column":33}},"84":{"start":{"line":201,"column":8},"end":{"line":201,"column":18}}},"fnMap":{"0":{"name":"(anonymous_0)","decl":{"start":{"line":11,"column":22},"end":{"line":11,"column":23}},"loc":{"start":{"line":11,"column":45},"end":{"line":75,"column":5}},"line":11},"1":{"name":"(anonymous_1)","decl":{"start":{"line":16,"column":12},"end":{"line":16,"column":13}},"loc":{"start":{"line":16,"column":35},"end":{"line":67,"column":13}},"line":16},"2":{"name":"(anonymous_2)","decl":{"start":{"line":31,"column":56},"end":{"line":31,"column":57}},"loc":{"start":{"line":31,"column":76},"end":{"line":33,"column":17}},"line":31},"3":{"name":"(anonymous_3)","decl":{"start":{"line":76,"column":17},"end":{"line":76,"column":18}},"loc":{"start":{"line":76,"column":21},"end":{"line":105,"column":5}},"line":76},"4":{"name":"(anonymous_4)","decl":{"start":{"line":79,"column":33},"end":{"line":79,"column":34}},"loc":{"start":{"line":79,"column":59},"end":{"line":101,"column":9}},"line":79},"5":{"name":"(anonymous_5)","decl":{"start":{"line":81,"column":54},"end":{"line":81,"column":55}},"loc":{"start":{"line":81,"column":71},"end":{"line":99,"column":13}},"line":81},"6":{"name":"(anonymous_6)","decl":{"start":{"line":89,"column":27},"end":{"line":89,"column":28}},"loc":{"start":{"line":89,"column":37},"end":{"line":94,"column":21}},"line":89},"7":{"name":"(anonymous_7)","decl":{"start":{"line":95,"column":28},"end":{"line":95,"column":29}},"loc":{"start":{"line":95,"column":45},"end":{"line":97,"column":21}},"line":95},"8":{"name":"(anonymous_8)","decl":{"start":{"line":107,"column":18},"end":{"line":107,"column":19}},"loc":{"start":{"line":107,"column":22},"end":{"line":134,"column":5}},"line":107},"9":{"name":"(anonymous_9)","decl":{"start":{"line":109,"column":25},"end":{"line":109,"column":26}},"loc":{"start":{"line":109,"column":43},"end":{"line":133,"column":9}},"line":109},"10":{"name":"(anonymous_10)","decl":{"start":{"line":110,"column":45},"end":{"line":110,"column":46}},"loc":{"start":{"line":110,"column":55},"end":{"line":132,"column":13}},"line":110},"11":{"name":"(anonymous_11)","decl":{"start":{"line":118,"column":24},"end":{"line":118,"column":25}},"loc":{"start":{"line":118,"column":44},"end":{"line":123,"column":25}},"line":118},"12":{"name":"(anonymous_12)","decl":{"start":{"line":126,"column":28},"end":{"line":126,"column":29}},"loc":{"start":{"line":126,"column":45},"end":{"line":128,"column":21}},"line":126},"13":{"name":"(anonymous_13)","decl":{"start":{"line":135,"column":4},"end":{"line":135,"column":5}},"loc":{"start":{"line":135,"column":26},"end":{"line":163,"column":5}},"line":135},"14":{"name":"(anonymous_14)","decl":{"start":{"line":164,"column":15},"end":{"line":164,"column":16}},"loc":{"start":{"line":164,"column":54},"end":{"line":177,"column":5}},"line":164},"15":{"name":"(anonymous_15)","decl":{"start":{"line":169,"column":16},"end":{"line":169,"column":17}},"loc":{"start":{"line":169,"column":36},"end":{"line":173,"column":17}},"line":169},"16":{"name":"(anonymous_16)","decl":{"start":{"line":178,"column":22},"end":{"line":178,"column":23}},"loc":{"start":{"line":178,"column":26},"end":{"line":193,"column":5}},"line":178},"17":{"name":"(anonymous_17)","decl":{"start":{"line":182,"column":46},"end":{"line":182,"column":47}},"loc":{"start":{"line":182,"column":57},"end":{"line":191,"column":9}},"line":182},"18":{"name":"(anonymous_18)","decl":{"start":{"line":197,"column":9},"end":{"line":197,"column":10}},"loc":{"start":{"line":197,"column":13},"end":{"line":203,"column":5}},"line":197}},"branchMap":{"0":{"loc":{"start":{"line":137,"column":8},"end":{"line":161,"column":9}},"type":"if","locations":[{"start":{"line":137,"column":8},"end":{"line":161,"column":9}},{"start":{"line":139,"column":15},"end":{"line":161,"column":9}}],"line":137},"1":{"loc":{"start":{"line":139,"column":15},"end":{"line":161,"column":9}},"type":"if","locations":[{"start":{"line":139,"column":15},"end":{"line":161,"column":9}},{"start":{"line":141,"column":15},"end":{"line":161,"column":9}}],"line":139},"2":{"loc":{"start":{"line":141,"column":15},"end":{"line":161,"column":9}},"type":"if","locations":[{"start":{"line":141,"column":15},"end":{"line":161,"column":9}},{"start":{"line":143,"column":15},"end":{"line":161,"column":9}}],"line":141},"3":{"loc":{"start":{"line":143,"column":15},"end":{"line":161,"column":9}},"type":"if","locations":[{"start":{"line":143,"column":15},"end":{"line":161,"column":9}},{"start":{"line":145,"column":15},"end":{"line":161,"column":9}}],"line":143},"4":{"loc":{"start":{"line":145,"column":15},"end":{"line":161,"column":9}},"type":"if","locations":[{"start":{"line":145,"column":15},"end":{"line":161,"column":9}},{"start":{"line":147,"column":15},"end":{"line":161,"column":9}}],"line":145},"5":{"loc":{"start":{"line":147,"column":15},"end":{"line":161,"column":9}},"type":"if","locations":[{"start":{"line":147,"column":15},"end":{"line":161,"column":9}},{"start":{"line":149,"column":15},"end":{"line":161,"column":9}}],"line":147},"6":{"loc":{"start":{"line":149,"column":15},"end":{"line":161,"column":9}},"type":"if","locations":[{"start":{"line":149,"column":15},"end":{"line":161,"column":9}},{"start":{"line":151,"column":15},"end":{"line":161,"column":9}}],"line":149},"7":{"loc":{"start":{"line":151,"column":15},"end":{"line":161,"column":9}},"type":"if","locations":[{"start":{"line":151,"column":15},"end":{"line":161,"column":9}},{"start":{"line":153,"column":15},"end":{"line":161,"column":9}}],"line":151},"8":{"loc":{"start":{"line":153,"column":15},"end":{"line":161,"column":9}},"type":"if","locations":[{"start":{"line":153,"column":15},"end":{"line":161,"column":9}},{"start":{"line":155,"column":15},"end":{"line":161,"column":9}}],"line":153},"9":{"loc":{"start":{"line":155,"column":15},"end":{"line":161,"column":9}},"type":"if","locations":[{"start":{"line":155,"column":15},"end":{"line":161,"column":9}},{"start":{"line":157,"column":15},"end":{"line":161,"column":9}}],"line":155},"10":{"loc":{"start":{"line":157,"column":15},"end":{"line":161,"column":9}},"type":"if","locations":[{"start":{"line":157,"column":15},"end":{"line":161,"column":9}},{"start":{"line":159,"column":15},"end":{"line":161,"column":9}}],"line":157},"11":{"loc":{"start":{"line":159,"column":15},"end":{"line":161,"column":9}},"type":"if","locations":[{"start":{"line":159,"column":15},"end":{"line":161,"column":9}},{"start":{},"end":{}}],"line":159}},"s":{"0":0,"1":0,"2":0,"3":0,"4":0,"5":0,"6":0,"7":0,"8":0,"9":0,"10":0,"11":0,"12":0,"13":0,"14":0,"15":0,"16":0,"17":0,"18":0,"19":0,"20":0,"21":0,"22":0,"23":0,"24":0,"25":0,"26":0,"27":0,"28":0,"29":0,"30":0,"31":0,"32":0,"33":0,"34":0,"35":0,"36":0,"37":0,"38":0,"39":0,"40":0,"41":0,"42":0,"43":0,"44":0,"45":0,"46":0,"47":0,"48":0,"49":0,"50":0,"51":0,"52":0,"53":0,"54":0,"55":0,"56":0,"57":0,"58":0,"59":0,"60":0,"61":0,"62":0,"63":0,"64":0,"65":0,"66":0,"67":0,"68":0,"69":0,"70":0,"71":0,"72":0,"73":0,"74":0,"75":0,"76":0,"77":0,"78":0,"79":0,"80":0,"81":0,"82":0,"83":0,"84":0},"f":{"0":0,"1":0,"2":0,"3":0,"4":0,"5":0,"6":0,"7":0,"8":0,"9":0,"10":0,"11":0,"12":0,"13":0,"14":0,"15":0,"16":0,"17":0,"18":0},"b":{"0":[0,0],"1":[0,0],"2":[0,0],"3":[0,0],"4":[0,0],"5":[0,0],"6":[0,0],"7":[0,0],"8":[0,0],"9":[0,0],"10":[0,0],"11":[0,0]},"_coverageSchema":"1a1c01bbd47fc00a2c39e90264f33305004495a9","hash":"af6cd957abd46c1e582d84afda67ecb3d3d80dd1"}
,"C:\\Users\\praprata1\\Documents\\Mock_Project_1(Local_Storage)\\Meeting_App\\src\\ts\\Pages\\login.ts": {"path":"C:\\Users\\praprata1\\Documents\\Mock_Project_1(Local_Storage)\\Meeting_App\\src\\ts\\Pages\\login.ts","statementMap":{"0":{"start":{"line":6,"column":35},"end":{"line":6,"column":39}},"1":{"start":{"line":8,"column":15},"end":{"line":8,"column":72}},"2":{"start":{"line":14,"column":23},"end":{"line":35,"column":5}},"3":{"start":{"line":15,"column":25},"end":{"line":15,"column":53}},"4":{"start":{"line":16,"column":29},"end":{"line":16,"column":85}},"5":{"start":{"line":17,"column":24},"end":{"line":17,"column":79}},"6":{"start":{"line":18,"column":20},"end":{"line":18,"column":22}},"7":{"start":{"line":19,"column":8},"end":{"line":21,"column":9}},"8":{"start":{"line":20,"column":12},"end":{"line":20,"column":76}},"9":{"start":{"line":23,"column":29},"end":{"line":23,"column":36}},"10":{"start":{"line":24,"column":8},"end":{"line":26,"column":9}},"11":{"start":{"line":25,"column":12},"end":{"line":25,"column":77}},"12":{"start":{"line":29,"column":29},"end":{"line":29,"column":36}},"13":{"start":{"line":30,"column":8},"end":{"line":32,"column":9}},"14":{"start":{"line":31,"column":12},"end":{"line":31,"column":75}},"15":{"start":{"line":33,"column":8},"end":{"line":33,"column":34}},"16":{"start":{"line":34,"column":8},"end":{"line":34,"column":28}},"17":{"start":{"line":37,"column":17},"end":{"line":41,"column":5}},"18":{"start":{"line":38,"column":20},"end":{"line":38,"column":24}},"19":{"start":{"line":39,"column":8},"end":{"line":39,"column":49}},"20":{"start":{"line":40,"column":8},"end":{"line":40,"column":21}},"21":{"start":{"line":47,"column":22},"end":{"line":87,"column":5}},"22":{"start":{"line":49,"column":8},"end":{"line":49,"column":74}},"23":{"start":{"line":50,"column":8},"end":{"line":50,"column":73}},"24":{"start":{"line":52,"column":8},"end":{"line":86,"column":12}},"25":{"start":{"line":53,"column":12},"end":{"line":53,"column":35}},"26":{"start":{"line":58,"column":32},"end":{"line":61,"column":13}},"27":{"start":{"line":64,"column":12},"end":{"line":84,"column":17}},"28":{"start":{"line":65,"column":12},"end":{"line":79,"column":18}},"29":{"start":{"line":68,"column":24},"end":{"line":68,"column":53}},"30":{"start":{"line":70,"column":24},"end":{"line":70,"column":67}},"31":{"start":{"line":71,"column":24},"end":{"line":71,"column":53}},"32":{"start":{"line":77,"column":24},"end":{"line":77,"column":47}},"33":{"start":{"line":90,"column":10},"end":{"line":94,"column":5}},"34":{"start":{"line":91,"column":8},"end":{"line":91,"column":89}},"35":{"start":{"line":93,"column":8},"end":{"line":93,"column":33}}},"fnMap":{"0":{"name":"(anonymous_0)","decl":{"start":{"line":14,"column":23},"end":{"line":14,"column":24}},"loc":{"start":{"line":14,"column":29},"end":{"line":35,"column":5}},"line":14},"1":{"name":"(anonymous_1)","decl":{"start":{"line":37,"column":17},"end":{"line":37,"column":18}},"loc":{"start":{"line":37,"column":23},"end":{"line":41,"column":5}},"line":37},"2":{"name":"(anonymous_2)","decl":{"start":{"line":47,"column":22},"end":{"line":47,"column":23}},"loc":{"start":{"line":47,"column":26},"end":{"line":87,"column":5}},"line":47},"3":{"name":"(anonymous_3)","decl":{"start":{"line":52,"column":74},"end":{"line":52,"column":75}},"loc":{"start":{"line":52,"column":85},"end":{"line":86,"column":9}},"line":52},"4":{"name":"(anonymous_4)","decl":{"start":{"line":67,"column":20},"end":{"line":67,"column":21}},"loc":{"start":{"line":67,"column":46},"end":{"line":72,"column":21}},"line":67},"5":{"name":"(anonymous_5)","decl":{"start":{"line":76,"column":20},"end":{"line":76,"column":21}},"loc":{"start":{"line":76,"column":38},"end":{"line":78,"column":21}},"line":76},"6":{"name":"(anonymous_6)","decl":{"start":{"line":90,"column":10},"end":{"line":90,"column":11}},"loc":{"start":{"line":90,"column":14},"end":{"line":94,"column":5}},"line":90}},"branchMap":{"0":{"loc":{"start":{"line":19,"column":8},"end":{"line":21,"column":9}},"type":"if","locations":[{"start":{"line":19,"column":8},"end":{"line":21,"column":9}},{"start":{},"end":{}}],"line":19},"1":{"loc":{"start":{"line":24,"column":8},"end":{"line":26,"column":9}},"type":"if","locations":[{"start":{"line":24,"column":8},"end":{"line":26,"column":9}},{"start":{},"end":{}}],"line":24},"2":{"loc":{"start":{"line":30,"column":8},"end":{"line":32,"column":9}},"type":"if","locations":[{"start":{"line":30,"column":8},"end":{"line":32,"column":9}},{"start":{},"end":{}}],"line":30},"3":{"loc":{"start":{"line":39,"column":16},"end":{"line":39,"column":48}},"type":"binary-expr","locations":[{"start":{"line":39,"column":16},"end":{"line":39,"column":39}},{"start":{"line":39,"column":43},"end":{"line":39,"column":48}}],"line":39},"4":{"loc":{"start":{"line":64,"column":12},"end":{"line":84,"column":17}},"type":"if","locations":[{"start":{"line":64,"column":12},"end":{"line":84,"column":17}},{"start":{"line":80,"column":21},"end":{"line":84,"column":17}}],"line":64}},"s":{"0":0,"1":0,"2":0,"3":0,"4":0,"5":0,"6":0,"7":0,"8":0,"9":0,"10":0,"11":0,"12":0,"13":0,"14":0,"15":0,"16":0,"17":0,"18":0,"19":0,"20":0,"21":0,"22":0,"23":0,"24":0,"25":0,"26":0,"27":0,"28":0,"29":0,"30":0,"31":0,"32":0,"33":0,"34":0,"35":0},"f":{"0":0,"1":0,"2":0,"3":0,"4":0,"5":0,"6":0},"b":{"0":[0,0],"1":[0,0],"2":[0,0],"3":[0,0],"4":[0,0]},"_coverageSchema":"1a1c01bbd47fc00a2c39e90264f33305004495a9","hash":"6a2e300c3fc027d29e7a805184a5bec5aff422a4"}
,"C:\\Users\\praprata1\\Documents\\Mock_Project_1(Local_Storage)\\Meeting_App\\src\\ts\\Pages\\registration.ts": {"path":"C:\\Users\\praprata1\\Documents\\Mock_Project_1(Local_Storage)\\Meeting_App\\src\\ts\\Pages\\registration.ts","statementMap":{"0":{"start":{"line":7,"column":21},"end":{"line":7,"column":83}},"1":{"start":{"line":9,"column":20},"end":{"line":9,"column":73}},"2":{"start":{"line":10,"column":21},"end":{"line":10,"column":77}},"3":{"start":{"line":11,"column":24},"end":{"line":11,"column":81}},"4":{"start":{"line":12,"column":31},"end":{"line":12,"column":95}},"5":{"start":{"line":13,"column":32},"end":{"line":13,"column":36}},"6":{"start":{"line":14,"column":34},"end":{"line":14,"column":38}},"7":{"start":{"line":15,"column":41},"end":{"line":15,"column":45}},"8":{"start":{"line":16,"column":33},"end":{"line":16,"column":37}},"9":{"start":{"line":17,"column":29},"end":{"line":17,"column":33}},"10":{"start":{"line":18,"column":15},"end":{"line":31,"column":5}},"11":{"start":{"line":20,"column":26},"end":{"line":20,"column":55}},"12":{"start":{"line":21,"column":23},"end":{"line":21,"column":80}},"13":{"start":{"line":22,"column":31},"end":{"line":22,"column":80}},"14":{"start":{"line":23,"column":20},"end":{"line":23,"column":22}},"15":{"start":{"line":24,"column":8},"end":{"line":26,"column":9}},"16":{"start":{"line":25,"column":12},"end":{"line":25,"column":56}},"17":{"start":{"line":27,"column":8},"end":{"line":27,"column":41}},"18":{"start":{"line":29,"column":8},"end":{"line":29,"column":28}},"19":{"start":{"line":33,"column":17},"end":{"line":44,"column":5}},"20":{"start":{"line":34,"column":8},"end":{"line":34,"column":81}},"21":{"start":{"line":35,"column":23},"end":{"line":35,"column":105}},"22":{"start":{"line":36,"column":31},"end":{"line":36,"column":80}},"23":{"start":{"line":37,"column":8},"end":{"line":37,"column":64}},"24":{"start":{"line":38,"column":20},"end":{"line":38,"column":22}},"25":{"start":{"line":39,"column":8},"end":{"line":41,"column":9}},"26":{"start":{"line":40,"column":12},"end":{"line":40,"column":61}},"27":{"start":{"line":42,"column":8},"end":{"line":42,"column":59}},"28":{"start":{"line":43,"column":8},"end":{"line":43,"column":28}},"29":{"start":{"line":46,"column":18},"end":{"line":81,"column":5}},"30":{"start":{"line":47,"column":30},"end":{"line":47,"column":63}},"31":{"start":{"line":48,"column":23},"end":{"line":48,"column":86}},"32":{"start":{"line":49,"column":31},"end":{"line":49,"column":80}},"33":{"start":{"line":51,"column":20},"end":{"line":51,"column":22}},"34":{"start":{"line":53,"column":8},"end":{"line":56,"column":9}},"35":{"start":{"line":55,"column":12},"end":{"line":55,"column":70}},"36":{"start":{"line":59,"column":29},"end":{"line":59,"column":36}},"37":{"start":{"line":60,"column":8},"end":{"line":62,"column":9}},"38":{"start":{"line":61,"column":12},"end":{"line":61,"column":62}},"39":{"start":{"line":65,"column":29},"end":{"line":65,"column":36}},"40":{"start":{"line":66,"column":8},"end":{"line":68,"column":9}},"41":{"start":{"line":67,"column":12},"end":{"line":67,"column":62}},"42":{"start":{"line":69,"column":26},"end":{"line":69,"column":33}},"43":{"start":{"line":70,"column":8},"end":{"line":72,"column":9}},"44":{"start":{"line":71,"column":12},"end":{"line":71,"column":49}},"45":{"start":{"line":73,"column":31},"end":{"line":73,"column":55}},"46":{"start":{"line":74,"column":8},"end":{"line":76,"column":9}},"47":{"start":{"line":75,"column":12},"end":{"line":75,"column":60}},"48":{"start":{"line":78,"column":8},"end":{"line":78,"column":41}},"49":{"start":{"line":80,"column":8},"end":{"line":80,"column":28}},"50":{"start":{"line":84,"column":32},"end":{"line":84,"column":65}},"51":{"start":{"line":85,"column":25},"end":{"line":85,"column":51}},"52":{"start":{"line":87,"column":23},"end":{"line":87,"column":89}},"53":{"start":{"line":88,"column":31},"end":{"line":88,"column":78}},"54":{"start":{"line":90,"column":20},"end":{"line":90,"column":22}},"55":{"start":{"line":92,"column":8},"end":{"line":94,"column":9}},"56":{"start":{"line":93,"column":8},"end":{"line":93,"column":52}},"57":{"start":{"line":96,"column":8},"end":{"line":96,"column":41}},"58":{"start":{"line":98,"column":8},"end":{"line":98,"column":28}},"59":{"start":{"line":102,"column":22},"end":{"line":102,"column":26}},"60":{"start":{"line":104,"column":8},"end":{"line":104,"column":46}},"61":{"start":{"line":105,"column":8},"end":{"line":105,"column":50}},"62":{"start":{"line":106,"column":8},"end":{"line":106,"column":57}},"63":{"start":{"line":108,"column":8},"end":{"line":108,"column":23}},"64":{"start":{"line":116,"column":22},"end":{"line":164,"column":5}},"65":{"start":{"line":118,"column":8},"end":{"line":118,"column":68}},"66":{"start":{"line":119,"column":8},"end":{"line":119,"column":69}},"67":{"start":{"line":121,"column":8},"end":{"line":121,"column":70}},"68":{"start":{"line":122,"column":8},"end":{"line":122,"column":71}},"69":{"start":{"line":124,"column":8},"end":{"line":124,"column":76}},"70":{"start":{"line":125,"column":8},"end":{"line":125,"column":77}},"71":{"start":{"line":127,"column":8},"end":{"line":127,"column":88}},"72":{"start":{"line":128,"column":8},"end":{"line":128,"column":89}},"73":{"start":{"line":132,"column":8},"end":{"line":163,"column":12}},"74":{"start":{"line":133,"column":12},"end":{"line":133,"column":35}},"75":{"start":{"line":136,"column":32},"end":{"line":140,"column":13}},"76":{"start":{"line":143,"column":12},"end":{"line":162,"column":13}},"77":{"start":{"line":144,"column":16},"end":{"line":158,"column":22}},"78":{"start":{"line":147,"column":28},"end":{"line":147,"column":60}},"79":{"start":{"line":149,"column":28},"end":{"line":149,"column":68}},"80":{"start":{"line":150,"column":28},"end":{"line":150,"column":57}},"81":{"start":{"line":156,"column":28},"end":{"line":156,"column":51}},"82":{"start":{"line":161,"column":16},"end":{"line":161,"column":41}},"83":{"start":{"line":167,"column":9},"end":{"line":171,"column":5}},"84":{"start":{"line":170,"column":8},"end":{"line":170,"column":33}}},"fnMap":{"0":{"name":"(anonymous_0)","decl":{"start":{"line":18,"column":15},"end":{"line":18,"column":16}},"loc":{"start":{"line":18,"column":19},"end":{"line":31,"column":5}},"line":18},"1":{"name":"(anonymous_1)","decl":{"start":{"line":33,"column":17},"end":{"line":33,"column":18}},"loc":{"start":{"line":33,"column":23},"end":{"line":44,"column":5}},"line":33},"2":{"name":"(anonymous_2)","decl":{"start":{"line":46,"column":18},"end":{"line":46,"column":19}},"loc":{"start":{"line":46,"column":22},"end":{"line":81,"column":5}},"line":46},"3":{"name":"(anonymous_3)","decl":{"start":{"line":83,"column":4},"end":{"line":83,"column":5}},"loc":{"start":{"line":83,"column":27},"end":{"line":99,"column":5}},"line":83},"4":{"name":"(anonymous_4)","decl":{"start":{"line":101,"column":4},"end":{"line":101,"column":5}},"loc":{"start":{"line":101,"column":15},"end":{"line":109,"column":5}},"line":101},"5":{"name":"(anonymous_5)","decl":{"start":{"line":116,"column":22},"end":{"line":116,"column":23}},"loc":{"start":{"line":116,"column":26},"end":{"line":164,"column":5}},"line":116},"6":{"name":"(anonymous_6)","decl":{"start":{"line":132,"column":77},"end":{"line":132,"column":78}},"loc":{"start":{"line":132,"column":88},"end":{"line":163,"column":9}},"line":132},"7":{"name":"(anonymous_7)","decl":{"start":{"line":146,"column":24},"end":{"line":146,"column":25}},"loc":{"start":{"line":146,"column":53},"end":{"line":151,"column":25}},"line":146},"8":{"name":"(anonymous_8)","decl":{"start":{"line":155,"column":24},"end":{"line":155,"column":25}},"loc":{"start":{"line":155,"column":42},"end":{"line":157,"column":25}},"line":155},"9":{"name":"(anonymous_9)","decl":{"start":{"line":167,"column":9},"end":{"line":167,"column":10}},"loc":{"start":{"line":167,"column":13},"end":{"line":171,"column":5}},"line":167}},"branchMap":{"0":{"loc":{"start":{"line":24,"column":8},"end":{"line":26,"column":9}},"type":"if","locations":[{"start":{"line":24,"column":8},"end":{"line":26,"column":9}},{"start":{},"end":{}}],"line":24},"1":{"loc":{"start":{"line":39,"column":8},"end":{"line":41,"column":9}},"type":"if","locations":[{"start":{"line":39,"column":8},"end":{"line":41,"column":9}},{"start":{},"end":{}}],"line":39},"2":{"loc":{"start":{"line":53,"column":8},"end":{"line":56,"column":9}},"type":"if","locations":[{"start":{"line":53,"column":8},"end":{"line":56,"column":9}},{"start":{},"end":{}}],"line":53},"3":{"loc":{"start":{"line":60,"column":8},"end":{"line":62,"column":9}},"type":"if","locations":[{"start":{"line":60,"column":8},"end":{"line":62,"column":9}},{"start":{},"end":{}}],"line":60},"4":{"loc":{"start":{"line":66,"column":8},"end":{"line":68,"column":9}},"type":"if","locations":[{"start":{"line":66,"column":8},"end":{"line":68,"column":9}},{"start":{},"end":{}}],"line":66},"5":{"loc":{"start":{"line":70,"column":8},"end":{"line":72,"column":9}},"type":"if","locations":[{"start":{"line":70,"column":8},"end":{"line":72,"column":9}},{"start":{},"end":{}}],"line":70},"6":{"loc":{"start":{"line":74,"column":8},"end":{"line":76,"column":9}},"type":"if","locations":[{"start":{"line":74,"column":8},"end":{"line":76,"column":9}},{"start":{},"end":{}}],"line":74},"7":{"loc":{"start":{"line":92,"column":8},"end":{"line":94,"column":9}},"type":"if","locations":[{"start":{"line":92,"column":8},"end":{"line":94,"column":9}},{"start":{},"end":{}}],"line":92},"8":{"loc":{"start":{"line":104,"column":18},"end":{"line":104,"column":45}},"type":"binary-expr","locations":[{"start":{"line":104,"column":18},"end":{"line":104,"column":34}},{"start":{"line":104,"column":38},"end":{"line":104,"column":45}}],"line":104},"9":{"loc":{"start":{"line":105,"column":18},"end":{"line":105,"column":49}},"type":"binary-expr","locations":[{"start":{"line":105,"column":18},"end":{"line":105,"column":38}},{"start":{"line":105,"column":42},"end":{"line":105,"column":49}}],"line":105},"10":{"loc":{"start":{"line":106,"column":18},"end":{"line":106,"column":56}},"type":"binary-expr","locations":[{"start":{"line":106,"column":18},"end":{"line":106,"column":45}},{"start":{"line":106,"column":49},"end":{"line":106,"column":56}}],"line":106},"11":{"loc":{"start":{"line":143,"column":12},"end":{"line":162,"column":13}},"type":"if","locations":[{"start":{"line":143,"column":12},"end":{"line":162,"column":13}},{"start":{"line":160,"column":16},"end":{"line":162,"column":13}}],"line":143}},"s":{"0":1,"1":1,"2":1,"3":1,"4":1,"5":1,"6":1,"7":1,"8":1,"9":1,"10":1,"11":1,"12":1,"13":1,"14":1,"15":1,"16":1,"17":1,"18":1,"19":1,"20":1,"21":1,"22":1,"23":1,"24":1,"25":1,"26":1,"27":1,"28":1,"29":1,"30":0,"31":0,"32":0,"33":0,"34":0,"35":0,"36":0,"37":0,"38":0,"39":0,"40":0,"41":0,"42":0,"43":0,"44":0,"45":0,"46":0,"47":0,"48":0,"49":0,"50":0,"51":0,"52":0,"53":0,"54":0,"55":0,"56":0,"57":0,"58":0,"59":0,"60":0,"61":0,"62":0,"63":0,"64":1,"65":0,"66":0,"67":0,"68":0,"69":0,"70":0,"71":0,"72":0,"73":0,"74":0,"75":0,"76":0,"77":0,"78":0,"79":0,"80":0,"81":0,"82":0,"83":1,"84":0},"f":{"0":1,"1":1,"2":0,"3":0,"4":0,"5":0,"6":0,"7":0,"8":0,"9":0},"b":{"0":[1,0],"1":[1,0],"2":[0,0],"3":[0,0],"4":[0,0],"5":[0,0],"6":[0,0],"7":[0,0],"8":[0,0],"9":[0,0],"10":[0,0],"11":[0,0]},"_coverageSchema":"1a1c01bbd47fc00a2c39e90264f33305004495a9","hash":"4461324829776ed6e70c18270a103cd3eec57365"}
,"C:\\Users\\praprata1\\Documents\\Mock_Project_1(Local_Storage)\\Meeting_App\\src\\ts\\Pages\\teams.ts": {"path":"C:\\Users\\praprata1\\Documents\\Mock_Project_1(Local_Storage)\\Meeting_App\\src\\ts\\Pages\\teams.ts","statementMap":{"0":{"start":{"line":12,"column":14},"end":{"line":152,"column":5}},"1":{"start":{"line":13,"column":30},"end":{"line":13,"column":86}},"2":{"start":{"line":16,"column":26},"end":{"line":16,"column":28}},"3":{"start":{"line":18,"column":8},"end":{"line":70,"column":16}},"4":{"start":{"line":27,"column":32},"end":{"line":29,"column":32}},"5":{"start":{"line":28,"column":20},"end":{"line":28,"column":57}},"6":{"start":{"line":31,"column":16},"end":{"line":66,"column":13}},"7":{"start":{"line":73,"column":8},"end":{"line":132,"column":9}},"8":{"start":{"line":134,"column":8},"end":{"line":134,"column":46}},"9":{"start":{"line":135,"column":21},"end":{"line":135,"column":74}},"10":{"start":{"line":136,"column":8},"end":{"line":136,"column":37}},"11":{"start":{"line":137,"column":25},"end":{"line":137,"column":77}},"12":{"start":{"line":138,"column":8},"end":{"line":144,"column":11}},"13":{"start":{"line":139,"column":25},"end":{"line":139,"column":77}},"14":{"start":{"line":140,"column":12},"end":{"line":140,"column":40}},"15":{"start":{"line":141,"column":12},"end":{"line":141,"column":43}},"16":{"start":{"line":147,"column":8},"end":{"line":147,"column":29}},"17":{"start":{"line":148,"column":8},"end":{"line":148,"column":26}},"18":{"start":{"line":149,"column":8},"end":{"line":149,"column":28}},"19":{"start":{"line":185,"column":15},"end":{"line":235,"column":5}},"20":{"start":{"line":186,"column":26},"end":{"line":186,"column":89}},"21":{"start":{"line":187,"column":23},"end":{"line":187,"column":82}},"22":{"start":{"line":188,"column":25},"end":{"line":188,"column":59}},"23":{"start":{"line":189,"column":8},"end":{"line":189,"column":32}},"24":{"start":{"line":191,"column":8},"end":{"line":234,"column":11}},"25":{"start":{"line":193,"column":35},"end":{"line":193,"column":47}},"26":{"start":{"line":196,"column":12},"end":{"line":196,"column":41}},"27":{"start":{"line":197,"column":32},"end":{"line":202,"column":13}},"28":{"start":{"line":204,"column":12},"end":{"line":204,"column":38}},"29":{"start":{"line":224,"column":12},"end":{"line":233,"column":17}},"30":{"start":{"line":227,"column":24},"end":{"line":227,"column":47}},"31":{"start":{"line":228,"column":24},"end":{"line":228,"column":45}},"32":{"start":{"line":230,"column":24},"end":{"line":230,"column":64}},"33":{"start":{"line":231,"column":24},"end":{"line":231,"column":53}},"34":{"start":{"line":240,"column":17},"end":{"line":267,"column":5}},"35":{"start":{"line":241,"column":30},"end":{"line":241,"column":75}},"36":{"start":{"line":243,"column":8},"end":{"line":265,"column":11}},"37":{"start":{"line":244,"column":27},"end":{"line":244,"column":92}},"38":{"start":{"line":245,"column":12},"end":{"line":263,"column":15}},"39":{"start":{"line":246,"column":16},"end":{"line":246,"column":39}},"40":{"start":{"line":247,"column":29},"end":{"line":247,"column":41}},"41":{"start":{"line":248,"column":16},"end":{"line":248,"column":37}},"42":{"start":{"line":250,"column":30},"end":{"line":250,"column":85}},"43":{"start":{"line":251,"column":31},"end":{"line":251,"column":61}},"44":{"start":{"line":252,"column":16},"end":{"line":252,"column":37}},"45":{"start":{"line":253,"column":16},"end":{"line":262,"column":21}},"46":{"start":{"line":256,"column":28},"end":{"line":256,"column":51}},"47":{"start":{"line":258,"column":28},"end":{"line":258,"column":68}},"48":{"start":{"line":259,"column":28},"end":{"line":259,"column":57}},"49":{"start":{"line":260,"column":28},"end":{"line":260,"column":52}},"50":{"start":{"line":269,"column":18},"end":{"line":297,"column":5}},"51":{"start":{"line":270,"column":24},"end":{"line":270,"column":65}},"52":{"start":{"line":271,"column":8},"end":{"line":296,"column":11}},"53":{"start":{"line":272,"column":12},"end":{"line":295,"column":15}},"54":{"start":{"line":273,"column":16},"end":{"line":273,"column":39}},"55":{"start":{"line":274,"column":35},"end":{"line":274,"column":83}},"56":{"start":{"line":275,"column":16},"end":{"line":275,"column":41}},"57":{"start":{"line":276,"column":31},"end":{"line":276,"column":66}},"58":{"start":{"line":277,"column":16},"end":{"line":277,"column":38}},"59":{"start":{"line":279,"column":16},"end":{"line":291,"column":23}},"60":{"start":{"line":282,"column":28},"end":{"line":282,"column":52}},"61":{"start":{"line":283,"column":28},"end":{"line":283,"column":57}},"62":{"start":{"line":284,"column":28},"end":{"line":284,"column":48}},"63":{"start":{"line":290,"column":24},"end":{"line":290,"column":52}},"64":{"start":{"line":306,"column":18},"end":{"line":315,"column":5}},"65":{"start":{"line":307,"column":8},"end":{"line":314,"column":35}},"66":{"start":{"line":311,"column":20},"end":{"line":311,"column":43}},"67":{"start":{"line":312,"column":20},"end":{"line":312,"column":36}},"68":{"start":{"line":319,"column":9},"end":{"line":324,"column":5}},"69":{"start":{"line":320,"column":8},"end":{"line":320,"column":29}},"70":{"start":{"line":321,"column":8},"end":{"line":321,"column":18}}},"fnMap":{"0":{"name":"(anonymous_0)","decl":{"start":{"line":12,"column":14},"end":{"line":12,"column":15}},"loc":{"start":{"line":12,"column":33},"end":{"line":152,"column":5}},"line":12},"1":{"name":"(anonymous_1)","decl":{"start":{"line":19,"column":12},"end":{"line":19,"column":13}},"loc":{"start":{"line":19,"column":28},"end":{"line":70,"column":13}},"line":19},"2":{"name":"(anonymous_2)","decl":{"start":{"line":27,"column":50},"end":{"line":27,"column":51}},"loc":{"start":{"line":27,"column":68},"end":{"line":29,"column":17}},"line":27},"3":{"name":"(anonymous_3)","decl":{"start":{"line":138,"column":43},"end":{"line":138,"column":44}},"loc":{"start":{"line":138,"column":53},"end":{"line":144,"column":9}},"line":138},"4":{"name":"(anonymous_4)","decl":{"start":{"line":185,"column":15},"end":{"line":185,"column":16}},"loc":{"start":{"line":185,"column":19},"end":{"line":235,"column":5}},"line":185},"5":{"name":"(anonymous_5)","decl":{"start":{"line":191,"column":46},"end":{"line":191,"column":47}},"loc":{"start":{"line":191,"column":52},"end":{"line":234,"column":9}},"line":191},"6":{"name":"(anonymous_6)","decl":{"start":{"line":226,"column":20},"end":{"line":226,"column":21}},"loc":{"start":{"line":226,"column":40},"end":{"line":232,"column":21}},"line":226},"7":{"name":"(anonymous_7)","decl":{"start":{"line":240,"column":17},"end":{"line":240,"column":18}},"loc":{"start":{"line":240,"column":21},"end":{"line":267,"column":5}},"line":240},"8":{"name":"(anonymous_8)","decl":{"start":{"line":243,"column":32},"end":{"line":243,"column":33}},"loc":{"start":{"line":243,"column":57},"end":{"line":265,"column":9}},"line":243},"9":{"name":"(anonymous_9)","decl":{"start":{"line":245,"column":53},"end":{"line":245,"column":54}},"loc":{"start":{"line":245,"column":70},"end":{"line":263,"column":13}},"line":245},"10":{"name":"(anonymous_10)","decl":{"start":{"line":255,"column":24},"end":{"line":255,"column":25}},"loc":{"start":{"line":255,"column":44},"end":{"line":261,"column":25}},"line":255},"11":{"name":"(anonymous_11)","decl":{"start":{"line":269,"column":18},"end":{"line":269,"column":19}},"loc":{"start":{"line":269,"column":22},"end":{"line":297,"column":5}},"line":269},"12":{"name":"(anonymous_12)","decl":{"start":{"line":271,"column":25},"end":{"line":271,"column":26}},"loc":{"start":{"line":271,"column":43},"end":{"line":296,"column":9}},"line":271},"13":{"name":"(anonymous_13)","decl":{"start":{"line":272,"column":45},"end":{"line":272,"column":46}},"loc":{"start":{"line":272,"column":56},"end":{"line":295,"column":13}},"line":272},"14":{"name":"(anonymous_14)","decl":{"start":{"line":281,"column":24},"end":{"line":281,"column":25}},"loc":{"start":{"line":281,"column":44},"end":{"line":286,"column":25}},"line":281},"15":{"name":"(anonymous_15)","decl":{"start":{"line":289,"column":28},"end":{"line":289,"column":29}},"loc":{"start":{"line":289,"column":45},"end":{"line":291,"column":21}},"line":289},"16":{"name":"(anonymous_16)","decl":{"start":{"line":306,"column":18},"end":{"line":306,"column":19}},"loc":{"start":{"line":306,"column":22},"end":{"line":315,"column":5}},"line":306},"17":{"name":"(anonymous_17)","decl":{"start":{"line":309,"column":16},"end":{"line":309,"column":17}},"loc":{"start":{"line":309,"column":36},"end":{"line":313,"column":17}},"line":309},"18":{"name":"(anonymous_18)","decl":{"start":{"line":319,"column":9},"end":{"line":319,"column":10}},"loc":{"start":{"line":319,"column":13},"end":{"line":324,"column":5}},"line":319}},"branchMap":{},"s":{"0":0,"1":0,"2":0,"3":0,"4":0,"5":0,"6":0,"7":0,"8":0,"9":0,"10":0,"11":0,"12":0,"13":0,"14":0,"15":0,"16":0,"17":0,"18":0,"19":0,"20":0,"21":0,"22":0,"23":0,"24":0,"25":0,"26":0,"27":0,"28":0,"29":0,"30":0,"31":0,"32":0,"33":0,"34":0,"35":0,"36":0,"37":0,"38":0,"39":0,"40":0,"41":0,"42":0,"43":0,"44":0,"45":0,"46":0,"47":0,"48":0,"49":0,"50":0,"51":0,"52":0,"53":0,"54":0,"55":0,"56":0,"57":0,"58":0,"59":0,"60":0,"61":0,"62":0,"63":0,"64":0,"65":0,"66":0,"67":0,"68":0,"69":0,"70":0},"f":{"0":0,"1":0,"2":0,"3":0,"4":0,"5":0,"6":0,"7":0,"8":0,"9":0,"10":0,"11":0,"12":0,"13":0,"14":0,"15":0,"16":0,"17":0,"18":0},"b":{},"_coverageSchema":"1a1c01bbd47fc00a2c39e90264f33305004495a9","hash":"7d02e2772dd937918ade3cf3a03f7171cff2ce13"}
,"C:\\Users\\praprata1\\Documents\\Mock_Project_1(Local_Storage)\\Meeting_App\\src\\ts\\mocks\\handlers.ts": {"path":"C:\\Users\\praprata1\\Documents\\Mock_Project_1(Local_Storage)\\Meeting_App\\src\\ts\\mocks\\handlers.ts","statementMap":{"0":{"start":{"line":4,"column":14},"end":{"line":26,"column":1}},"1":{"start":{"line":7,"column":8},"end":{"line":9,"column":9}},"2":{"start":{"line":16,"column":8},"end":{"line":24,"column":10}}},"fnMap":{"0":{"name":"(anonymous_0)","decl":{"start":{"line":6,"column":65},"end":{"line":6,"column":66}},"loc":{"start":{"line":6,"column":84},"end":{"line":10,"column":5}},"line":6},"1":{"name":"(anonymous_1)","decl":{"start":{"line":14,"column":68},"end":{"line":14,"column":69}},"loc":{"start":{"line":14,"column":87},"end":{"line":25,"column":5}},"line":14}},"branchMap":{},"s":{"0":3,"1":1,"2":1},"f":{"0":1,"1":1},"b":{},"_coverageSchema":"1a1c01bbd47fc00a2c39e90264f33305004495a9","hash":"d2b23aa6ead9191b13dfda60964e84c2536aa867"}
,"C:\\Users\\praprata1\\Documents\\Mock_Project_1(Local_Storage)\\Meeting_App\\src\\ts\\mocks\\meeting-data.ts": {"path":"C:\\Users\\praprata1\\Documents\\Mock_Project_1(Local_Storage)\\Meeting_App\\src\\ts\\mocks\\meeting-data.ts","statementMap":{"0":{"start":{"line":1,"column":17},"end":{"line":52,"column":1}}},"fnMap":{},"branchMap":{},"s":{"0":3},"f":{},"b":{},"_coverageSchema":"1a1c01bbd47fc00a2c39e90264f33305004495a9","hash":"aaacfdb5d73088f8abd8334ce723335cb17d3587"}
,"C:\\Users\\praprata1\\Documents\\Mock_Project_1(Local_Storage)\\Meeting_App\\src\\ts\\mocks\\server.ts": {"path":"C:\\Users\\praprata1\\Documents\\Mock_Project_1(Local_Storage)\\Meeting_App\\src\\ts\\mocks\\server.ts","statementMap":{"0":{"start":{"line":7,"column":15},"end":{"line":7,"column":41}}},"fnMap":{},"branchMap":{},"s":{"0":3},"f":{},"b":{},"_coverageSchema":"1a1c01bbd47fc00a2c39e90264f33305004495a9","hash":"4993dea1f90176457b1770ba94ebb948058fc763"}
,"C:\\Users\\praprata1\\Documents\\Mock_Project_1(Local_Storage)\\Meeting_App\\src\\ts\\services\\auth.ts": {"path":"C:\\Users\\praprata1\\Documents\\Mock_Project_1(Local_Storage)\\Meeting_App\\src\\ts\\services\\auth.ts","statementMap":{"0":{"start":{"line":5,"column":4},"end":{"line":35,"column":9}},"1":{"start":{"line":18,"column":16},"end":{"line":21,"column":17}},"2":{"start":{"line":20,"column":20},"end":{"line":20,"column":59}},"3":{"start":{"line":23,"column":16},"end":{"line":23,"column":39}},"4":{"start":{"line":29,"column":16},"end":{"line":29,"column":69}},"5":{"start":{"line":30,"column":16},"end":{"line":30,"column":69}},"6":{"start":{"line":31,"column":16},"end":{"line":31,"column":67}},"7":{"start":{"line":33,"column":16},"end":{"line":33,"column":37}},"8":{"start":{"line":39,"column":4},"end":{"line":39,"column":43}},"9":{"start":{"line":42,"column":4},"end":{"line":42,"column":43}},"10":{"start":{"line":48,"column":24},"end":{"line":53,"column":1}},"11":{"start":{"line":49,"column":4},"end":{"line":51,"column":5}},"12":{"start":{"line":50,"column":8},"end":{"line":50,"column":21}},"13":{"start":{"line":52,"column":4},"end":{"line":52,"column":16}},"14":{"start":{"line":55,"column":4},"end":{"line":55,"column":25}}},"fnMap":{"0":{"name":"login","decl":{"start":{"line":4,"column":9},"end":{"line":4,"column":14}},"loc":{"start":{"line":4,"column":36},"end":{"line":36,"column":1}},"line":4},"1":{"name":"(anonymous_1)","decl":{"start":{"line":17,"column":12},"end":{"line":17,"column":13}},"loc":{"start":{"line":17,"column":33},"end":{"line":24,"column":13}},"line":17},"2":{"name":"(anonymous_2)","decl":{"start":{"line":27,"column":12},"end":{"line":27,"column":13}},"loc":{"start":{"line":27,"column":38},"end":{"line":34,"column":13}},"line":27},"3":{"name":"getToken","decl":{"start":{"line":38,"column":9},"end":{"line":38,"column":17}},"loc":{"start":{"line":38,"column":20},"end":{"line":40,"column":1}},"line":38},"4":{"name":"getEmail","decl":{"start":{"line":41,"column":9},"end":{"line":41,"column":17}},"loc":{"start":{"line":41,"column":20},"end":{"line":43,"column":1}},"line":41},"5":{"name":"(anonymous_5)","decl":{"start":{"line":48,"column":24},"end":{"line":48,"column":25}},"loc":{"start":{"line":48,"column":28},"end":{"line":53,"column":1}},"line":48},"6":{"name":"logout","decl":{"start":{"line":54,"column":9},"end":{"line":54,"column":15}},"loc":{"start":{"line":54,"column":17},"end":{"line":56,"column":1}},"line":54}},"branchMap":{"0":{"loc":{"start":{"line":18,"column":16},"end":{"line":21,"column":17}},"type":"if","locations":[{"start":{"line":18,"column":16},"end":{"line":21,"column":17}},{"start":{},"end":{}}],"line":18},"1":{"loc":{"start":{"line":49,"column":4},"end":{"line":51,"column":5}},"type":"if","locations":[{"start":{"line":49,"column":4},"end":{"line":51,"column":5}},{"start":{},"end":{}}],"line":49}},"s":{"0":1,"1":1,"2":0,"3":1,"4":1,"5":1,"6":1,"7":1,"8":1,"9":0,"10":3,"11":0,"12":0,"13":0,"14":0},"f":{"0":1,"1":1,"2":1,"3":1,"4":0,"5":0,"6":0},"b":{"0":[0,1],"1":[0,0]},"_coverageSchema":"1a1c01bbd47fc00a2c39e90264f33305004495a9","hash":"c3e115cb48486aedce53b3937b294e421ea0d05e"}
,"C:\\Users\\praprata1\\Documents\\Mock_Project_1(Local_Storage)\\Meeting_App\\src\\ts\\services\\meetings.ts": {"path":"C:\\Users\\praprata1\\Documents\\Mock_Project_1(Local_Storage)\\Meeting_App\\src\\ts\\services\\meetings.ts","statementMap":{"0":{"start":{"line":7,"column":19},"end":{"line":30,"column":1}},"1":{"start":{"line":8,"column":4},"end":{"line":29,"column":9}},"2":{"start":{"line":21,"column":16},"end":{"line":23,"column":17}},"3":{"start":{"line":22,"column":20},"end":{"line":22,"column":59}},"4":{"start":{"line":27,"column":16},"end":{"line":27,"column":39}},"5":{"start":{"line":34,"column":18},"end":{"line":60,"column":1}},"6":{"start":{"line":39,"column":4},"end":{"line":59,"column":10}},"7":{"start":{"line":54,"column":16},"end":{"line":56,"column":17}},"8":{"start":{"line":55,"column":20},"end":{"line":55,"column":59}},"9":{"start":{"line":57,"column":16},"end":{"line":57,"column":33}},"10":{"start":{"line":63,"column":18},"end":{"line":89,"column":1}},"11":{"start":{"line":64,"column":4},"end":{"line":88,"column":9}},"12":{"start":{"line":82,"column":16},"end":{"line":84,"column":17}},"13":{"start":{"line":83,"column":20},"end":{"line":83,"column":59}},"14":{"start":{"line":86,"column":16},"end":{"line":86,"column":33}},"15":{"start":{"line":92,"column":23},"end":{"line":116,"column":1}},"16":{"start":{"line":95,"column":4},"end":{"line":115,"column":10}},"17":{"start":{"line":110,"column":16},"end":{"line":112,"column":17}},"18":{"start":{"line":111,"column":20},"end":{"line":111,"column":59}},"19":{"start":{"line":113,"column":16},"end":{"line":113,"column":32}},"20":{"start":{"line":118,"column":16},"end":{"line":144,"column":1}},"21":{"start":{"line":123,"column":4},"end":{"line":143,"column":10}},"22":{"start":{"line":138,"column":16},"end":{"line":140,"column":17}},"23":{"start":{"line":139,"column":20},"end":{"line":139,"column":59}},"24":{"start":{"line":141,"column":16},"end":{"line":141,"column":39}},"25":{"start":{"line":146,"column":15},"end":{"line":173,"column":1}},"26":{"start":{"line":147,"column":4},"end":{"line":172,"column":9}},"27":{"start":{"line":166,"column":16},"end":{"line":168,"column":17}},"28":{"start":{"line":167,"column":20},"end":{"line":167,"column":59}},"29":{"start":{"line":170,"column":16},"end":{"line":170,"column":33}},"30":{"start":{"line":176,"column":22},"end":{"line":202,"column":1}},"31":{"start":{"line":180,"column":4},"end":{"line":200,"column":9}},"32":{"start":{"line":195,"column":16},"end":{"line":197,"column":17}},"33":{"start":{"line":196,"column":20},"end":{"line":196,"column":59}},"34":{"start":{"line":198,"column":16},"end":{"line":198,"column":33}},"35":{"start":{"line":206,"column":23},"end":{"line":230,"column":1}},"36":{"start":{"line":209,"column":4},"end":{"line":229,"column":10}},"37":{"start":{"line":224,"column":16},"end":{"line":226,"column":17}},"38":{"start":{"line":225,"column":20},"end":{"line":225,"column":59}},"39":{"start":{"line":227,"column":16},"end":{"line":227,"column":33}},"40":{"start":{"line":233,"column":16},"end":{"line":260,"column":1}},"41":{"start":{"line":234,"column":4},"end":{"line":259,"column":9}},"42":{"start":{"line":253,"column":16},"end":{"line":255,"column":17}},"43":{"start":{"line":254,"column":20},"end":{"line":254,"column":59}},"44":{"start":{"line":257,"column":16},"end":{"line":257,"column":39}}},"fnMap":{"0":{"name":"(anonymous_0)","decl":{"start":{"line":7,"column":19},"end":{"line":7,"column":20}},"loc":{"start":{"line":7,"column":51},"end":{"line":30,"column":1}},"line":7},"1":{"name":"(anonymous_1)","decl":{"start":{"line":19,"column":12},"end":{"line":19,"column":13}},"loc":{"start":{"line":19,"column":32},"end":{"line":28,"column":13}},"line":19},"2":{"name":"(anonymous_2)","decl":{"start":{"line":34,"column":18},"end":{"line":34,"column":19}},"loc":{"start":{"line":34,"column":57},"end":{"line":60,"column":1}},"line":34},"3":{"name":"(anonymous_3)","decl":{"start":{"line":53,"column":12},"end":{"line":53,"column":13}},"loc":{"start":{"line":53,"column":32},"end":{"line":58,"column":13}},"line":53},"4":{"name":"(anonymous_4)","decl":{"start":{"line":63,"column":18},"end":{"line":63,"column":19}},"loc":{"start":{"line":63,"column":57},"end":{"line":89,"column":1}},"line":63},"5":{"name":"(anonymous_5)","decl":{"start":{"line":81,"column":12},"end":{"line":81,"column":13}},"loc":{"start":{"line":81,"column":32},"end":{"line":87,"column":13}},"line":81},"6":{"name":"(anonymous_6)","decl":{"start":{"line":92,"column":23},"end":{"line":92,"column":24}},"loc":{"start":{"line":92,"column":48},"end":{"line":116,"column":1}},"line":92},"7":{"name":"(anonymous_7)","decl":{"start":{"line":109,"column":12},"end":{"line":109,"column":13}},"loc":{"start":{"line":109,"column":32},"end":{"line":114,"column":13}},"line":109},"8":{"name":"(anonymous_8)","decl":{"start":{"line":118,"column":16},"end":{"line":118,"column":17}},"loc":{"start":{"line":118,"column":61},"end":{"line":144,"column":1}},"line":118},"9":{"name":"(anonymous_9)","decl":{"start":{"line":137,"column":12},"end":{"line":137,"column":13}},"loc":{"start":{"line":137,"column":32},"end":{"line":142,"column":13}},"line":137},"10":{"name":"(anonymous_10)","decl":{"start":{"line":146,"column":15},"end":{"line":146,"column":16}},"loc":{"start":{"line":146,"column":51},"end":{"line":173,"column":1}},"line":146},"11":{"name":"(anonymous_11)","decl":{"start":{"line":165,"column":12},"end":{"line":165,"column":13}},"loc":{"start":{"line":165,"column":32},"end":{"line":171,"column":13}},"line":165},"12":{"name":"(anonymous_12)","decl":{"start":{"line":176,"column":22},"end":{"line":176,"column":23}},"loc":{"start":{"line":176,"column":61},"end":{"line":202,"column":1}},"line":176},"13":{"name":"(anonymous_13)","decl":{"start":{"line":194,"column":12},"end":{"line":194,"column":13}},"loc":{"start":{"line":194,"column":32},"end":{"line":199,"column":13}},"line":194},"14":{"name":"(anonymous_14)","decl":{"start":{"line":206,"column":23},"end":{"line":206,"column":24}},"loc":{"start":{"line":206,"column":48},"end":{"line":230,"column":1}},"line":206},"15":{"name":"(anonymous_15)","decl":{"start":{"line":223,"column":12},"end":{"line":223,"column":13}},"loc":{"start":{"line":223,"column":32},"end":{"line":228,"column":13}},"line":223},"16":{"name":"(anonymous_16)","decl":{"start":{"line":233,"column":16},"end":{"line":233,"column":17}},"loc":{"start":{"line":233,"column":26},"end":{"line":260,"column":1}},"line":233},"17":{"name":"(anonymous_17)","decl":{"start":{"line":251,"column":12},"end":{"line":251,"column":13}},"loc":{"start":{"line":251,"column":32},"end":{"line":258,"column":13}},"line":251}},"branchMap":{"0":{"loc":{"start":{"line":21,"column":16},"end":{"line":23,"column":17}},"type":"if","locations":[{"start":{"line":21,"column":16},"end":{"line":23,"column":17}},{"start":{},"end":{}}],"line":21},"1":{"loc":{"start":{"line":54,"column":16},"end":{"line":56,"column":17}},"type":"if","locations":[{"start":{"line":54,"column":16},"end":{"line":56,"column":17}},{"start":{},"end":{}}],"line":54},"2":{"loc":{"start":{"line":82,"column":16},"end":{"line":84,"column":17}},"type":"if","locations":[{"start":{"line":82,"column":16},"end":{"line":84,"column":17}},{"start":{},"end":{}}],"line":82},"3":{"loc":{"start":{"line":110,"column":16},"end":{"line":112,"column":17}},"type":"if","locations":[{"start":{"line":110,"column":16},"end":{"line":112,"column":17}},{"start":{},"end":{}}],"line":110},"4":{"loc":{"start":{"line":138,"column":16},"end":{"line":140,"column":17}},"type":"if","locations":[{"start":{"line":138,"column":16},"end":{"line":140,"column":17}},{"start":{},"end":{}}],"line":138},"5":{"loc":{"start":{"line":166,"column":16},"end":{"line":168,"column":17}},"type":"if","locations":[{"start":{"line":166,"column":16},"end":{"line":168,"column":17}},{"start":{},"end":{}}],"line":166},"6":{"loc":{"start":{"line":195,"column":16},"end":{"line":197,"column":17}},"type":"if","locations":[{"start":{"line":195,"column":16},"end":{"line":197,"column":17}},{"start":{},"end":{}}],"line":195},"7":{"loc":{"start":{"line":224,"column":16},"end":{"line":226,"column":17}},"type":"if","locations":[{"start":{"line":224,"column":16},"end":{"line":226,"column":17}},{"start":{},"end":{}}],"line":224},"8":{"loc":{"start":{"line":253,"column":16},"end":{"line":255,"column":17}},"type":"if","locations":[{"start":{"line":253,"column":16},"end":{"line":255,"column":17}},{"start":{},"end":{}}],"line":253}},"s":{"0":2,"1":1,"2":1,"3":0,"4":1,"5":2,"6":0,"7":0,"8":0,"9":0,"10":2,"11":0,"12":0,"13":0,"14":0,"15":2,"16":0,"17":0,"18":0,"19":0,"20":2,"21":0,"22":0,"23":0,"24":0,"25":2,"26":0,"27":0,"28":0,"29":0,"30":2,"31":0,"32":0,"33":0,"34":0,"35":2,"36":0,"37":0,"38":0,"39":0,"40":2,"41":0,"42":0,"43":0,"44":0},"f":{"0":1,"1":1,"2":0,"3":0,"4":0,"5":0,"6":0,"7":0,"8":0,"9":0,"10":0,"11":0,"12":0,"13":0,"14":0,"15":0,"16":0,"17":0},"b":{"0":[0,1],"1":[0,0],"2":[0,0],"3":[0,0],"4":[0,0],"5":[0,0],"6":[0,0],"7":[0,0],"8":[0,0]},"_coverageSchema":"1a1c01bbd47fc00a2c39e90264f33305004495a9","hash":"507eb4dd1affc4569f492e25fce87f0b84f8f7b1"}
,"C:\\Users\\praprata1\\Documents\\Mock_Project_1(Local_Storage)\\Meeting_App\\src\\ts\\services\\navBar.ts": {"path":"C:\\Users\\praprata1\\Documents\\Mock_Project_1(Local_Storage)\\Meeting_App\\src\\ts\\services\\navBar.ts","statementMap":{"0":{"start":{"line":4,"column":16},"end":{"line":31,"column":1}},"1":{"start":{"line":5,"column":19},"end":{"line":5,"column":73}},"2":{"start":{"line":6,"column":24},"end":{"line":6,"column":75}},"3":{"start":{"line":7,"column":21},"end":{"line":7,"column":71}},"4":{"start":{"line":8,"column":16},"end":{"line":8,"column":62}},"5":{"start":{"line":9,"column":4},"end":{"line":9,"column":33}},"6":{"start":{"line":10,"column":4},"end":{"line":13,"column":7}},"7":{"start":{"line":11,"column":8},"end":{"line":11,"column":45}},"8":{"start":{"line":14,"column":4},"end":{"line":23,"column":8}},"9":{"start":{"line":17,"column":8},"end":{"line":17,"column":30}},"10":{"start":{"line":20,"column":8},"end":{"line":20,"column":48}},"11":{"start":{"line":21,"column":8},"end":{"line":21,"column":29}},"12":{"start":{"line":22,"column":8},"end":{"line":22,"column":37}}},"fnMap":{"0":{"name":"(anonymous_0)","decl":{"start":{"line":4,"column":16},"end":{"line":4,"column":17}},"loc":{"start":{"line":4,"column":20},"end":{"line":31,"column":1}},"line":4},"1":{"name":"(anonymous_1)","decl":{"start":{"line":10,"column":35},"end":{"line":10,"column":36}},"loc":{"start":{"line":10,"column":45},"end":{"line":13,"column":5}},"line":10},"2":{"name":"(anonymous_2)","decl":{"start":{"line":14,"column":38},"end":{"line":14,"column":39}},"loc":{"start":{"line":14,"column":48},"end":{"line":23,"column":5}},"line":14}},"branchMap":{},"s":{"0":1,"1":0,"2":0,"3":0,"4":0,"5":0,"6":0,"7":0,"8":0,"9":0,"10":0,"11":0,"12":0},"f":{"0":0,"1":0,"2":0},"b":{},"_coverageSchema":"1a1c01bbd47fc00a2c39e90264f33305004495a9","hash":"aa2f1c4e3097400d37445ac62f949bf9579c6dde"}
,"C:\\Users\\praprata1\\Documents\\Mock_Project_1(Local_Storage)\\Meeting_App\\src\\ts\\services\\resAuth.ts": {"path":"C:\\Users\\praprata1\\Documents\\Mock_Project_1(Local_Storage)\\Meeting_App\\src\\ts\\services\\resAuth.ts","statementMap":{"0":{"start":{"line":5,"column":4},"end":{"line":25,"column":9}},"1":{"start":{"line":18,"column":16},"end":{"line":21,"column":17}},"2":{"start":{"line":20,"column":20},"end":{"line":20,"column":59}},"3":{"start":{"line":23,"column":16},"end":{"line":23,"column":33}}},"fnMap":{"0":{"name":"register","decl":{"start":{"line":4,"column":9},"end":{"line":4,"column":17}},"loc":{"start":{"line":4,"column":43},"end":{"line":39,"column":1}},"line":4},"1":{"name":"(anonymous_1)","decl":{"start":{"line":17,"column":12},"end":{"line":17,"column":13}},"loc":{"start":{"line":17,"column":33},"end":{"line":24,"column":13}},"line":17}},"branchMap":{"0":{"loc":{"start":{"line":18,"column":16},"end":{"line":21,"column":17}},"type":"if","locations":[{"start":{"line":18,"column":16},"end":{"line":21,"column":17}},{"start":{},"end":{}}],"line":18}},"s":{"0":0,"1":0,"2":0,"3":0},"f":{"0":0,"1":0},"b":{"0":[0,0]},"_coverageSchema":"1a1c01bbd47fc00a2c39e90264f33305004495a9","hash":"ca78074dfc3d786fa09ce7429acfb74e6edf0920"}
}
