TN:
SF:src\ts\loadPage.ts
FN:59,(anonymous_0)
FN:62,(anonymous_1)
FN:63,(anonymous_2)
FN:75,(anonymous_3)
FNF:4
FNH:0
FNDA:0,(anonymous_0)
FNDA:0,(anonymous_1)
FNDA:0,(anonymous_2)
FNDA:0,(anonymous_3)
DA:21,1
DA:59,1
DA:60,0
DA:62,0
DA:63,0
DA:64,0
DA:66,0
DA:67,0
DA:68,0
DA:75,1
DA:77,0
DA:78,0
DA:80,0
DA:82,0
DA:83,0
DA:84,0
DA:85,0
DA:86,0
DA:89,0
DA:90,0
DA:91,0
DA:92,0
DA:94,0
DA:95,0
DA:96,0
LF:25
LH:3
BRDA:77,0,0,0
BRDA:77,0,1,0
BRDA:82,1,0,0
BRDA:82,1,1,0
BRDA:83,2,0,0
BRDA:83,2,1,0
BRDA:89,3,0,0
BRDA:89,3,1,0
BRDA:94,4,0,0
BRDA:94,4,1,0
BRF:10
BRH:0
end_of_record
TN:
SF:src\ts\Pages\addAMeeting.ts
FN:21,(anonymous_0)
FN:53,(anonymous_1)
FN:79,(anonymous_2)
FN:87,(anonymous_3)
FN:106,(anonymous_4)
FN:152,(anonymous_5)
FN:160,(anonymous_6)
FN:175,(anonymous_7)
FNF:8
FNH:0
FNDA:0,(anonymous_0)
FNDA:0,(anonymous_1)
FNDA:0,(anonymous_2)
FNDA:0,(anonymous_3)
FNDA:0,(anonymous_4)
FNDA:0,(anonymous_5)
FNDA:0,(anonymous_6)
FNDA:0,(anonymous_7)
DA:9,0
DA:11,0
DA:12,0
DA:13,0
DA:14,0
DA:15,0
DA:16,0
DA:17,0
DA:18,0
DA:21,0
DA:22,0
DA:23,0
DA:24,0
DA:25,0
DA:26,0
DA:27,0
DA:28,0
DA:29,0
DA:30,0
DA:31,0
DA:32,0
DA:33,0
DA:34,0
DA:36,0
DA:37,0
DA:38,0
DA:39,0
DA:40,0
DA:41,0
DA:42,0
DA:43,0
DA:48,0
DA:49,0
DA:53,0
DA:54,0
DA:55,0
DA:56,0
DA:57,0
DA:58,0
DA:59,0
DA:60,0
DA:61,0
DA:62,0
DA:63,0
DA:64,0
DA:65,0
DA:66,0
DA:68,0
DA:69,0
DA:70,0
DA:71,0
DA:74,0
DA:75,0
DA:79,0
DA:80,0
DA:81,0
DA:82,0
DA:84,0
DA:87,0
DA:89,0
DA:90,0
DA:92,0
DA:93,0
DA:95,0
DA:96,0
DA:98,0
DA:99,0
DA:101,0
DA:102,0
DA:106,0
DA:107,0
DA:111,0
DA:112,0
DA:149,0
DA:150,0
DA:153,0
DA:154,0
DA:156,0
DA:157,0
DA:161,0
DA:165,0
DA:175,0
DA:177,0
DA:178,0
LF:84
LH:0
BRDA:36,0,0,0
BRDA:36,0,1,0
BRDA:38,1,0,0
BRDA:38,1,1,0
BRDA:39,2,0,0
BRDA:39,2,1,0
BRDA:41,3,0,0
BRDA:41,3,1,0
BRDA:42,4,0,0
BRDA:42,4,1,0
BRDA:66,5,0,0
BRDA:66,5,1,0
BRDA:69,6,0,0
BRDA:69,6,1,0
BRDA:70,7,0,0
BRDA:70,7,1,0
BRDA:81,8,0,0
BRDA:81,8,1,0
BRDA:82,9,0,0
BRDA:82,9,1,0
BRDA:111,10,0,0
BRDA:111,10,1,0
BRF:22
BRH:0
end_of_record
TN:
SF:src\ts\Pages\calender.ts
FN:20,(anonymous_0)
FN:29,(anonymous_1)
FN:37,(anonymous_2)
FN:60,(anonymous_3)
FN:65,(anonymous_4)
FN:87,(anonymous_5)
FN:116,(anonymous_6)
FN:135,(anonymous_7)
FN:139,(anonymous_8)
FN:154,(anonymous_9)
FNF:10
FNH:0
FNDA:0,(anonymous_0)
FNDA:0,(anonymous_1)
FNDA:0,(anonymous_2)
FNDA:0,(anonymous_3)
FNDA:0,(anonymous_4)
FNDA:0,(anonymous_5)
FNDA:0,(anonymous_6)
FNDA:0,(anonymous_7)
FNDA:0,(anonymous_8)
FNDA:0,(anonymous_9)
DA:9,0
DA:10,0
DA:11,0
DA:20,0
DA:22,0
DA:26,0
DA:28,0
DA:32,0
DA:33,0
DA:34,0
DA:36,0
DA:37,0
DA:38,0
DA:41,0
DA:55,0
DA:60,0
DA:65,0
DA:67,0
DA:69,0
DA:70,0
DA:71,0
DA:72,0
DA:73,0
DA:74,0
DA:76,0
DA:79,0
DA:82,0
DA:89,0
DA:90,0
DA:91,0
DA:92,0
DA:93,0
DA:94,0
DA:95,0
DA:96,0
DA:97,0
DA:98,0
DA:99,0
DA:100,0
DA:101,0
DA:102,0
DA:103,0
DA:104,0
DA:105,0
DA:106,0
DA:107,0
DA:108,0
DA:109,0
DA:110,0
DA:111,0
DA:112,0
DA:114,0
DA:118,0
DA:119,0
DA:120,0
DA:121,0
DA:122,0
DA:123,0
DA:124,0
DA:125,0
DA:126,0
DA:127,0
DA:128,0
DA:129,0
DA:130,0
DA:131,0
DA:133,0
DA:137,0
DA:145,0
DA:154,0
DA:164,0
DA:166,0
DA:169,0
DA:170,0
DA:171,0
DA:174,0
DA:175,0
LF:77
LH:0
BRDA:89,0,0,0
BRDA:89,0,1,0
BRDA:91,1,0,0
BRDA:91,1,1,0
BRDA:93,2,0,0
BRDA:93,2,1,0
BRDA:95,3,0,0
BRDA:95,3,1,0
BRDA:97,4,0,0
BRDA:97,4,1,0
BRDA:99,5,0,0
BRDA:99,5,1,0
BRDA:101,6,0,0
BRDA:101,6,1,0
BRDA:103,7,0,0
BRDA:103,7,1,0
BRDA:105,8,0,0
BRDA:105,8,1,0
BRDA:107,9,0,0
BRDA:107,9,1,0
BRDA:109,10,0,0
BRDA:109,10,1,0
BRDA:111,11,0,0
BRDA:111,11,1,0
BRDA:118,12,0,0
BRDA:118,12,1,0
BRDA:120,13,0,0
BRDA:120,13,1,0
BRDA:122,14,0,0
BRDA:122,14,1,0
BRDA:124,15,0,0
BRDA:124,15,1,0
BRDA:126,16,0,0
BRDA:126,16,1,0
BRDA:128,17,0,0
BRDA:128,17,1,0
BRDA:130,18,0,0
BRDA:130,18,1,0
BRF:38
BRH:0
end_of_record
TN:
SF:src\ts\Pages\filterMeeting.ts
FN:11,(anonymous_0)
FN:16,(anonymous_1)
FN:31,(anonymous_2)
FN:76,(anonymous_3)
FN:79,(anonymous_4)
FN:81,(anonymous_5)
FN:89,(anonymous_6)
FN:95,(anonymous_7)
FN:107,(anonymous_8)
FN:109,(anonymous_9)
FN:110,(anonymous_10)
FN:118,(anonymous_11)
FN:126,(anonymous_12)
FN:135,(anonymous_13)
FN:164,(anonymous_14)
FN:169,(anonymous_15)
FN:178,(anonymous_16)
FN:182,(anonymous_17)
FN:197,(anonymous_18)
FNF:19
FNH:0
FNDA:0,(anonymous_0)
FNDA:0,(anonymous_1)
FNDA:0,(anonymous_2)
FNDA:0,(anonymous_3)
FNDA:0,(anonymous_4)
FNDA:0,(anonymous_5)
FNDA:0,(anonymous_6)
FNDA:0,(anonymous_7)
FNDA:0,(anonymous_8)
FNDA:0,(anonymous_9)
FNDA:0,(anonymous_10)
FNDA:0,(anonymous_11)
FNDA:0,(anonymous_12)
FNDA:0,(anonymous_13)
FNDA:0,(anonymous_14)
FNDA:0,(anonymous_15)
FNDA:0,(anonymous_16)
FNDA:0,(anonymous_17)
FNDA:0,(anonymous_18)
DA:11,0
DA:12,0
DA:14,0
DA:15,0
DA:18,0
DA:19,0
DA:20,0
DA:21,0
DA:22,0
DA:23,0
DA:24,0
DA:25,0
DA:26,0
DA:31,0
DA:32,0
DA:35,0
DA:71,0
DA:72,0
DA:73,0
DA:76,0
DA:77,0
DA:78,0
DA:79,0
DA:80,0
DA:81,0
DA:82,0
DA:83,0
DA:85,0
DA:86,0
DA:88,0
DA:90,0
DA:92,0
DA:96,0
DA:107,0
DA:108,0
DA:109,0
DA:110,0
DA:111,0
DA:113,0
DA:116,0
DA:119,0
DA:121,0
DA:127,0
DA:137,0
DA:138,0
DA:139,0
DA:140,0
DA:141,0
DA:142,0
DA:143,0
DA:144,0
DA:145,0
DA:146,0
DA:147,0
DA:148,0
DA:149,0
DA:150,0
DA:151,0
DA:152,0
DA:153,0
DA:154,0
DA:155,0
DA:156,0
DA:157,0
DA:158,0
DA:159,0
DA:160,0
DA:162,0
DA:164,0
DA:165,0
DA:166,0
DA:167,0
DA:171,0
DA:178,0
DA:179,0
DA:180,0
DA:181,0
DA:182,0
DA:183,0
DA:184,0
DA:185,0
DA:189,0
DA:197,0
DA:200,0
DA:201,0
LF:85
LH:0
BRDA:137,0,0,0
BRDA:137,0,1,0
BRDA:139,1,0,0
BRDA:139,1,1,0
BRDA:141,2,0,0
BRDA:141,2,1,0
BRDA:143,3,0,0
BRDA:143,3,1,0
BRDA:145,4,0,0
BRDA:145,4,1,0
BRDA:147,5,0,0
BRDA:147,5,1,0
BRDA:149,6,0,0
BRDA:149,6,1,0
BRDA:151,7,0,0
BRDA:151,7,1,0
BRDA:153,8,0,0
BRDA:153,8,1,0
BRDA:155,9,0,0
BRDA:155,9,1,0
BRDA:157,10,0,0
BRDA:157,10,1,0
BRDA:159,11,0,0
BRDA:159,11,1,0
BRF:24
BRH:0
end_of_record
TN:
SF:src\ts\Pages\login.ts
FN:14,(anonymous_0)
FN:37,(anonymous_1)
FN:47,(anonymous_2)
FN:52,(anonymous_3)
FN:67,(anonymous_4)
FN:76,(anonymous_5)
FN:90,(anonymous_6)
FNF:7
FNH:0
FNDA:0,(anonymous_0)
FNDA:0,(anonymous_1)
FNDA:0,(anonymous_2)
FNDA:0,(anonymous_3)
FNDA:0,(anonymous_4)
FNDA:0,(anonymous_5)
FNDA:0,(anonymous_6)
DA:6,0
DA:8,0
DA:14,0
DA:15,0
DA:16,0
DA:17,0
DA:18,0
DA:19,0
DA:20,0
DA:23,0
DA:24,0
DA:25,0
DA:29,0
DA:30,0
DA:31,0
DA:33,0
DA:34,0
DA:37,0
DA:38,0
DA:39,0
DA:40,0
DA:47,0
DA:49,0
DA:50,0
DA:52,0
DA:53,0
DA:58,0
DA:64,0
DA:65,0
DA:68,0
DA:70,0
DA:71,0
DA:77,0
DA:90,0
DA:91,0
DA:93,0
LF:36
LH:0
BRDA:19,0,0,0
BRDA:19,0,1,0
BRDA:24,1,0,0
BRDA:24,1,1,0
BRDA:30,2,0,0
BRDA:30,2,1,0
BRDA:39,3,0,0
BRDA:39,3,1,0
BRDA:64,4,0,0
BRDA:64,4,1,0
BRF:10
BRH:0
end_of_record
TN:
SF:src\ts\Pages\registration.ts
FN:18,(anonymous_0)
FN:33,(anonymous_1)
FN:46,(anonymous_2)
FN:83,(anonymous_3)
FN:101,(anonymous_4)
FN:116,(anonymous_5)
FN:132,(anonymous_6)
FN:146,(anonymous_7)
FN:155,(anonymous_8)
FN:167,(anonymous_9)
FNF:10
FNH:2
FNDA:1,(anonymous_0)
FNDA:1,(anonymous_1)
FNDA:0,(anonymous_2)
FNDA:0,(anonymous_3)
FNDA:0,(anonymous_4)
FNDA:0,(anonymous_5)
FNDA:0,(anonymous_6)
FNDA:0,(anonymous_7)
FNDA:0,(anonymous_8)
FNDA:0,(anonymous_9)
DA:7,1
DA:9,1
DA:10,1
DA:11,1
DA:12,1
DA:13,1
DA:14,1
DA:15,1
DA:16,1
DA:17,1
DA:18,1
DA:20,1
DA:21,1
DA:22,1
DA:23,1
DA:24,1
DA:25,1
DA:27,1
DA:29,1
DA:33,1
DA:34,1
DA:35,1
DA:36,1
DA:37,1
DA:38,1
DA:39,1
DA:40,1
DA:42,1
DA:43,1
DA:46,1
DA:47,0
DA:48,0
DA:49,0
DA:51,0
DA:53,0
DA:55,0
DA:59,0
DA:60,0
DA:61,0
DA:65,0
DA:66,0
DA:67,0
DA:69,0
DA:70,0
DA:71,0
DA:73,0
DA:74,0
DA:75,0
DA:78,0
DA:80,0
DA:84,0
DA:85,0
DA:87,0
DA:88,0
DA:90,0
DA:92,0
DA:93,0
DA:96,0
DA:98,0
DA:102,0
DA:104,0
DA:105,0
DA:106,0
DA:108,0
DA:116,1
DA:118,0
DA:119,0
DA:121,0
DA:122,0
DA:124,0
DA:125,0
DA:127,0
DA:128,0
DA:132,0
DA:133,0
DA:136,0
DA:143,0
DA:144,0
DA:147,0
DA:149,0
DA:150,0
DA:156,0
DA:161,0
DA:167,1
DA:170,0
LF:85
LH:32
BRDA:24,0,0,1
BRDA:24,0,1,0
BRDA:39,1,0,1
BRDA:39,1,1,0
BRDA:53,2,0,0
BRDA:53,2,1,0
BRDA:60,3,0,0
BRDA:60,3,1,0
BRDA:66,4,0,0
BRDA:66,4,1,0
BRDA:70,5,0,0
BRDA:70,5,1,0
BRDA:74,6,0,0
BRDA:74,6,1,0
BRDA:92,7,0,0
BRDA:92,7,1,0
BRDA:104,8,0,0
BRDA:104,8,1,0
BRDA:105,9,0,0
BRDA:105,9,1,0
BRDA:106,10,0,0
BRDA:106,10,1,0
BRDA:143,11,0,0
BRDA:143,11,1,0
BRF:24
BRH:2
end_of_record
TN:
SF:src\ts\Pages\teams.ts
FN:12,(anonymous_0)
FN:19,(anonymous_1)
FN:27,(anonymous_2)
FN:138,(anonymous_3)
FN:185,(anonymous_4)
FN:191,(anonymous_5)
FN:226,(anonymous_6)
FN:240,(anonymous_7)
FN:243,(anonymous_8)
FN:245,(anonymous_9)
FN:255,(anonymous_10)
FN:269,(anonymous_11)
FN:271,(anonymous_12)
FN:272,(anonymous_13)
FN:281,(anonymous_14)
FN:289,(anonymous_15)
FN:306,(anonymous_16)
FN:309,(anonymous_17)
FN:319,(anonymous_18)
FNF:19
FNH:0
FNDA:0,(anonymous_0)
FNDA:0,(anonymous_1)
FNDA:0,(anonymous_2)
FNDA:0,(anonymous_3)
FNDA:0,(anonymous_4)
FNDA:0,(anonymous_5)
FNDA:0,(anonymous_6)
FNDA:0,(anonymous_7)
FNDA:0,(anonymous_8)
FNDA:0,(anonymous_9)
FNDA:0,(anonymous_10)
FNDA:0,(anonymous_11)
FNDA:0,(anonymous_12)
FNDA:0,(anonymous_13)
FNDA:0,(anonymous_14)
FNDA:0,(anonymous_15)
FNDA:0,(anonymous_16)
FNDA:0,(anonymous_17)
FNDA:0,(anonymous_18)
DA:12,0
DA:13,0
DA:16,0
DA:18,0
DA:27,0
DA:28,0
DA:31,0
DA:73,0
DA:134,0
DA:135,0
DA:136,0
DA:137,0
DA:138,0
DA:139,0
DA:140,0
DA:141,0
DA:147,0
DA:148,0
DA:149,0
DA:185,0
DA:186,0
DA:187,0
DA:188,0
DA:189,0
DA:191,0
DA:193,0
DA:196,0
DA:197,0
DA:204,0
DA:224,0
DA:227,0
DA:228,0
DA:230,0
DA:231,0
DA:240,0
DA:241,0
DA:243,0
DA:244,0
DA:245,0
DA:246,0
DA:247,0
DA:248,0
DA:250,0
DA:251,0
DA:252,0
DA:253,0
DA:256,0
DA:258,0
DA:259,0
DA:260,0
DA:269,0
DA:270,0
DA:271,0
DA:272,0
DA:273,0
DA:274,0
DA:275,0
DA:276,0
DA:277,0
DA:279,0
DA:282,0
DA:283,0
DA:284,0
DA:290,0
DA:306,0
DA:307,0
DA:311,0
DA:312,0
DA:319,0
DA:320,0
DA:321,0
LF:71
LH:0
BRF:0
BRH:0
end_of_record
TN:
SF:src\ts\mocks\handlers.ts
FN:6,(anonymous_0)
FN:14,(anonymous_1)
FNF:2
FNH:2
FNDA:1,(anonymous_0)
FNDA:1,(anonymous_1)
DA:4,3
DA:7,1
DA:16,1
LF:3
LH:3
BRF:0
BRH:0
end_of_record
TN:
SF:src\ts\mocks\meeting-data.ts
FNF:0
FNH:0
DA:1,3
LF:1
LH:1
BRF:0
BRH:0
end_of_record
TN:
SF:src\ts\mocks\server.ts
FNF:0
FNH:0
DA:7,3
LF:1
LH:1
BRF:0
BRH:0
end_of_record
TN:
SF:src\ts\services\auth.ts
FN:4,login
FN:17,(anonymous_1)
FN:27,(anonymous_2)
FN:38,getToken
FN:41,getEmail
FN:48,(anonymous_5)
FN:54,logout
FNF:7
FNH:4
FNDA:1,login
FNDA:1,(anonymous_1)
FNDA:1,(anonymous_2)
FNDA:1,getToken
FNDA:0,getEmail
FNDA:0,(anonymous_5)
FNDA:0,logout
DA:5,1
DA:18,1
DA:20,0
DA:23,1
DA:29,1
DA:30,1
DA:31,1
DA:33,1
DA:39,1
DA:42,0
DA:48,3
DA:49,0
DA:50,0
DA:52,0
DA:55,0
LF:15
LH:9
BRDA:18,0,0,0
BRDA:18,0,1,1
BRDA:49,1,0,0
BRDA:49,1,1,0
BRF:4
BRH:1
end_of_record
TN:
SF:src\ts\services\meetings.ts
FN:7,(anonymous_0)
FN:19,(anonymous_1)
FN:34,(anonymous_2)
FN:53,(anonymous_3)
FN:63,(anonymous_4)
FN:81,(anonymous_5)
FN:92,(anonymous_6)
FN:109,(anonymous_7)
FN:118,(anonymous_8)
FN:137,(anonymous_9)
FN:146,(anonymous_10)
FN:165,(anonymous_11)
FN:176,(anonymous_12)
FN:194,(anonymous_13)
FN:206,(anonymous_14)
FN:223,(anonymous_15)
FN:233,(anonymous_16)
FN:251,(anonymous_17)
FNF:18
FNH:2
FNDA:1,(anonymous_0)
FNDA:1,(anonymous_1)
FNDA:0,(anonymous_2)
FNDA:0,(anonymous_3)
FNDA:0,(anonymous_4)
FNDA:0,(anonymous_5)
FNDA:0,(anonymous_6)
FNDA:0,(anonymous_7)
FNDA:0,(anonymous_8)
FNDA:0,(anonymous_9)
FNDA:0,(anonymous_10)
FNDA:0,(anonymous_11)
FNDA:0,(anonymous_12)
FNDA:0,(anonymous_13)
FNDA:0,(anonymous_14)
FNDA:0,(anonymous_15)
FNDA:0,(anonymous_16)
FNDA:0,(anonymous_17)
DA:7,2
DA:8,1
DA:21,1
DA:22,0
DA:27,1
DA:34,2
DA:39,0
DA:54,0
DA:55,0
DA:57,0
DA:63,2
DA:64,0
DA:82,0
DA:83,0
DA:86,0
DA:92,2
DA:95,0
DA:110,0
DA:111,0
DA:113,0
DA:118,2
DA:123,0
DA:138,0
DA:139,0
DA:141,0
DA:146,2
DA:147,0
DA:166,0
DA:167,0
DA:170,0
DA:176,2
DA:180,0
DA:195,0
DA:196,0
DA:198,0
DA:206,2
DA:209,0
DA:224,0
DA:225,0
DA:227,0
DA:233,2
DA:234,0
DA:253,0
DA:254,0
DA:257,0
LF:45
LH:12
BRDA:21,0,0,0
BRDA:21,0,1,1
BRDA:54,1,0,0
BRDA:54,1,1,0
BRDA:82,2,0,0
BRDA:82,2,1,0
BRDA:110,3,0,0
BRDA:110,3,1,0
BRDA:138,4,0,0
BRDA:138,4,1,0
BRDA:166,5,0,0
BRDA:166,5,1,0
BRDA:195,6,0,0
BRDA:195,6,1,0
BRDA:224,7,0,0
BRDA:224,7,1,0
BRDA:253,8,0,0
BRDA:253,8,1,0
BRF:18
BRH:1
end_of_record
TN:
SF:src\ts\services\navBar.ts
FN:4,(anonymous_0)
FN:10,(anonymous_1)
FN:14,(anonymous_2)
FNF:3
FNH:0
FNDA:0,(anonymous_0)
FNDA:0,(anonymous_1)
FNDA:0,(anonymous_2)
DA:4,1
DA:5,0
DA:6,0
DA:7,0
DA:8,0
DA:9,0
DA:10,0
DA:11,0
DA:14,0
DA:17,0
DA:20,0
DA:21,0
DA:22,0
LF:13
LH:1
BRF:0
BRH:0
end_of_record
TN:
SF:src\ts\services\resAuth.ts
FN:4,register
FN:17,(anonymous_1)
FNF:2
FNH:0
FNDA:0,register
FNDA:0,(anonymous_1)
DA:5,0
DA:18,0
DA:20,0
DA:23,0
LF:4
LH:0
BRDA:18,0,0,0
BRDA:18,0,1,0
BRF:2
BRH:0
end_of_record
